2025-05-31 15:20:57 | INFO | Cache found at datasets/ABCD/train.json.pkl
2025-05-31 15:21:09 | INFO | Loading finished
2025-05-31 15:21:10 | INFO | Cache found at datasets/ABCD/train.json.pkl
2025-05-31 15:21:23 | INFO | Loading finished
2025-05-31 15:21:24 | INFO | Starting training
2025-05-31 15:21:24 | INFO | Starting cycle 1 with seed 1
2025-05-31 15:21:24 | INFO | Starting training cycle 1
2025-05-31 15:21:24 | INFO | Loaded worst pretrained model for improvement: checkpoints/ABCD/model_ABCD_cycle_1_epoch_75.pth
2025-05-31 15:21:59 | INFO | New best model saved: checkpoints/ABCD/model_epoch_1_ncod_loss.pth
2025-05-31 15:21:59 | INFO | Best validation metrics - Loss: 1.6719, F1: 0.2867
2025-05-31 15:21:59 | INFO | Cycle 1 completed:
2025-05-31 15:21:59 | INFO | - Final validation loss: 1.6719
2025-05-31 15:21:59 | INFO | - Final F1 score: 0.2867
2025-05-31 15:21:59 | INFO | Starting cycle 2 with seed 2
2025-05-31 15:21:59 | INFO | Starting training cycle 2
2025-05-31 15:21:59 | INFO | Loaded worst pretrained model for improvement: checkpoints/ABCD/model_epoch_1_ncod_loss.pth
2025-05-31 15:22:33 | INFO | New best model saved: checkpoints/ABCD/model_epoch_2_ncod_loss.pth
2025-05-31 15:22:33 | INFO | Best validation metrics - Loss: 1.7261, F1: 0.2131
2025-05-31 15:22:33 | INFO | Cycle 2 completed:
2025-05-31 15:22:33 | INFO | - Final validation loss: 1.7261
2025-05-31 15:22:33 | INFO | - Final F1 score: 0.2131
2025-05-31 15:22:33 | INFO | Starting training
2025-05-31 15:22:33 | INFO | Starting cycle 1 with seed 1
2025-05-31 15:22:33 | INFO | Starting training cycle 1
2025-05-31 15:22:33 | INFO | Loaded worst pretrained model for improvement: checkpoints/ABCD/model_ABCD_cycle_1_epoch_75.pth
2025-05-31 15:23:07 | INFO | New best model saved: checkpoints/ABCD/model_epoch_1_outlier_discounting_loss.pth
2025-05-31 15:23:07 | INFO | Best validation metrics - Loss: 1.6553, F1: 0.2255
2025-05-31 15:23:07 | INFO | Cycle 1 completed:
2025-05-31 15:23:07 | INFO | - Final validation loss: 1.6553
2025-05-31 15:23:07 | INFO | - Final F1 score: 0.2255
2025-05-31 15:23:07 | INFO | Starting cycle 2 with seed 2
2025-05-31 15:23:07 | INFO | Starting training cycle 2
2025-05-31 15:23:07 | INFO | Loaded worst pretrained model for improvement: checkpoints/ABCD/model_epoch_1_outlier_discounting_loss.pth
2025-05-31 15:23:40 | INFO | New best model saved: checkpoints/ABCD/model_epoch_2_outlier_discounting_loss.pth
2025-05-31 15:23:40 | INFO | Best validation metrics - Loss: 1.6553, F1: 0.2960
2025-05-31 15:23:40 | INFO | Cycle 2 completed:
2025-05-31 15:23:40 | INFO | - Final validation loss: 1.6553
2025-05-31 15:23:40 | INFO | - Final F1 score: 0.2960
2025-05-31 15:23:40 | INFO | Starting training
2025-05-31 15:23:40 | INFO | Starting cycle 1 with seed 1
2025-05-31 15:23:40 | INFO | Starting training cycle 1
2025-05-31 15:23:40 | INFO | Loaded worst pretrained model for improvement: checkpoints/ABCD/model_ABCD_cycle_1_epoch_75.pth
2025-05-31 15:24:15 | INFO | New best model saved: checkpoints/ABCD/model_epoch_1_noisy_cross_entropy_loss.pth
2025-05-31 15:24:15 | INFO | Best validation metrics - Loss: 1.9506, F1: 0.1694
2025-05-31 15:24:15 | INFO | Cycle 1 completed:
2025-05-31 15:24:15 | INFO | - Final validation loss: 1.9506
2025-05-31 15:24:15 | INFO | - Final F1 score: 0.1694
2025-05-31 15:24:15 | INFO | Starting cycle 2 with seed 2
2025-05-31 15:24:15 | INFO | Starting training cycle 2
2025-05-31 15:24:15 | INFO | Loaded worst pretrained model for improvement: checkpoints/ABCD/model_epoch_1_noisy_cross_entropy_loss.pth
2025-05-31 15:24:49 | INFO | New best model saved: checkpoints/ABCD/model_epoch_2_noisy_cross_entropy_loss.pth
2025-05-31 15:24:49 | INFO | Best validation metrics - Loss: 1.6963, F1: 0.2467
2025-05-31 15:24:49 | INFO | Cycle 2 completed:
2025-05-31 15:24:49 | INFO | - Final validation loss: 1.6963
2025-05-31 15:24:49 | INFO | - Final F1 score: 0.2467
2025-05-31 15:24:49 | INFO | Starting training
2025-05-31 15:24:49 | INFO | Starting cycle 1 with seed 1
2025-05-31 15:24:49 | INFO | Starting training cycle 1
2025-05-31 15:24:49 | INFO | Loaded worst pretrained model for improvement: checkpoints/ABCD/model_ABCD_cycle_1_epoch_75.pth
2025-05-31 15:25:22 | INFO | New best model saved: checkpoints/ABCD/model_epoch_1_symmetric_cross_entropy_loss.pth
2025-05-31 15:25:22 | INFO | Best validation metrics - Loss: 2.0305, F1: 0.1477
2025-05-31 15:25:22 | INFO | Cycle 1 completed:
2025-05-31 15:25:22 | INFO | - Final validation loss: 2.0305
2025-05-31 15:25:22 | INFO | - Final F1 score: 0.1477
2025-05-31 15:25:22 | INFO | Starting cycle 2 with seed 2
2025-05-31 15:25:22 | INFO | Starting training cycle 2
2025-05-31 15:25:22 | INFO | Loaded worst pretrained model for improvement: checkpoints/ABCD/model_epoch_1_symmetric_cross_entropy_loss.pth
2025-05-31 15:25:56 | INFO | New best model saved: checkpoints/ABCD/model_epoch_2_symmetric_cross_entropy_loss.pth
2025-05-31 15:25:56 | INFO | Best validation metrics - Loss: 1.8134, F1: 0.2510
2025-05-31 15:25:56 | INFO | Cycle 2 completed:
2025-05-31 15:25:56 | INFO | - Final validation loss: 1.8134
2025-05-31 15:25:56 | INFO | - Final F1 score: 0.2510
2025-05-31 15:25:56 | INFO | Starting training
2025-05-31 15:25:56 | INFO | Starting cycle 1 with seed 1
2025-05-31 15:25:56 | INFO | Starting training cycle 1
2025-05-31 15:25:56 | INFO | Loaded worst pretrained model for improvement: checkpoints/ABCD/model_ABCD_cycle_1_epoch_75.pth
2025-05-31 15:26:30 | INFO | New best model saved: checkpoints/ABCD/model_epoch_1_cross_entropy_loss.pth
2025-05-31 15:26:30 | INFO | Best validation metrics - Loss: 1.7379, F1: 0.2453
2025-05-31 15:26:30 | INFO | Cycle 1 completed:
2025-05-31 15:26:30 | INFO | - Final validation loss: 1.7379
2025-05-31 15:26:30 | INFO | - Final F1 score: 0.2453
2025-05-31 15:26:30 | INFO | Starting cycle 2 with seed 2
2025-05-31 15:26:30 | INFO | Starting training cycle 2
2025-05-31 15:26:30 | INFO | Loaded worst pretrained model for improvement: checkpoints/ABCD/model_epoch_1_cross_entropy_loss.pth
2025-05-31 15:27:04 | INFO | New best model saved: checkpoints/ABCD/model_epoch_2_cross_entropy_loss.pth
2025-05-31 15:27:04 | INFO | Best validation metrics - Loss: 1.6875, F1: 0.2784
2025-05-31 15:27:04 | INFO | Cycle 2 completed:
2025-05-31 15:27:04 | INFO | - Final validation loss: 1.6875
2025-05-31 15:27:04 | INFO | - Final F1 score: 0.2784
2025-05-31 15:27:04 | INFO | Starting training
2025-05-31 15:27:04 | INFO | Starting cycle 1 with seed 1
2025-05-31 15:27:04 | INFO | Starting training cycle 1
2025-05-31 15:27:04 | INFO | Loaded worst pretrained model for improvement: checkpoints/ABCD/model_ABCD_cycle_1_epoch_75.pth
2025-05-31 15:30:44 | INFO | New best model saved: checkpoints/ABCD/model_epoch_1_weighted_symmetric_cross_entropy_loss.pth
2025-05-31 15:30:44 | INFO | Best validation metrics - Loss: 1.7991, F1: 0.2764
2025-05-31 15:30:44 | INFO | Cycle 1 completed:
2025-05-31 15:30:44 | INFO | - Final validation loss: 1.7991
2025-05-31 15:30:44 | INFO | - Final F1 score: 0.2764
2025-05-31 15:30:44 | INFO | Starting cycle 2 with seed 2
2025-05-31 15:30:44 | INFO | Starting training cycle 2
2025-05-31 15:30:44 | INFO | Loaded worst pretrained model for improvement: checkpoints/ABCD/model_epoch_1_weighted_symmetric_cross_entropy_loss.pth
2025-05-31 15:34:33 | INFO | New best model saved: checkpoints/ABCD/model_epoch_2_weighted_symmetric_cross_entropy_loss.pth
2025-05-31 15:34:33 | INFO | Best validation metrics - Loss: 1.7434, F1: 0.2514
2025-05-31 15:34:33 | INFO | Cycle 2 completed:
2025-05-31 15:34:33 | INFO | - Final validation loss: 1.7434
2025-05-31 15:34:33 | INFO | - Final F1 score: 0.2514
2025-05-31 15:34:33 | INFO | Best F1 scores for each model: ncod_loss:0.2867214288597899
outlier_discounting_loss:0.2960186251501221
noisy_cross_entropy_loss:0.2466752027238092
symmetric_cross_entropy_loss:0.251002570463845
cross_entropy_loss:0.2784468728408791
weighted_symmetric_cross_entropy_loss:0.27643135328502855
2025-05-31 15:34:33 | INFO | Best round loss outlier_discounting_loss
2025-05-31 15:34:33 | INFO | Finished weak pretraining of ABCD, starting training on A
