2025-05-29 14:32:16,015 - INFO - ################################################################################
2025-05-29 14:32:16,015 - INFO - Start case study with parameters:
2025-05-29 14:32:16,015 - INFO - gnn_type='gcn' loss_type='nosy_ce' graph_pooling='mean' drop_ratio=0.2 num_layers=11 embedding_dim=300 num_epochs=150
2025-05-29 14:32:38,654 - INFO - [C] Best model updated at /home/haislich/Documents/noisy_labels/hackaton/checkpoints/C/model_C_best.pth
2025-05-29 14:32:38,654 - INFO - Epoch 0/150| Train Score: 0.3991, Loss: 1.1995, Accuracy: 0.3991, Confidence: 0.3917, Entropy: 1.5010| Val Score: 0.2415, Loss: 2.0073, Accuracy: 0.2415, Confidence: 0.5040, Entropy: 1.2852
2025-05-29 14:33:01,361 - INFO - [C] Best model updated at /home/haislich/Documents/noisy_labels/hackaton/checkpoints/C/model_C_best.pth
2025-05-29 14:33:01,362 - INFO - Epoch 1/150| Train Score: 0.5275, Loss: 0.9690, Accuracy: 0.5275, Confidence: 0.5261, Entropy: 1.2174| Val Score: 0.3561, Loss: 1.6523, Accuracy: 0.3561, Confidence: 0.4432, Entropy: 1.3224
2025-05-29 14:33:23,870 - INFO - [C] Best model updated at /home/haislich/Documents/noisy_labels/hackaton/checkpoints/C/model_C_best.pth
2025-05-29 14:33:23,870 - INFO - Epoch 2/150| Train Score: 0.5675, Loss: 0.8931, Accuracy: 0.5675, Confidence: 0.5661, Entropy: 1.1236| Val Score: 0.3880, Loss: 1.5507, Accuracy: 0.3880, Confidence: 0.5084, Entropy: 1.2700
2025-05-29 14:33:46,189 - INFO - Epoch 3/150| Train Score: 0.6154, Loss: 0.7893, Accuracy: 0.6154, Confidence: 0.6027, Entropy: 1.0206| Val Score: 0.3053, Loss: 1.8503, Accuracy: 0.3053, Confidence: 0.5631, Entropy: 1.1478
2025-05-29 14:34:08,605 - INFO - Epoch 4/150| Train Score: 0.6462, Loss: 0.7151, Accuracy: 0.6462, Confidence: 0.6426, Entropy: 0.9219| Val Score: 0.2669, Loss: 1.9996, Accuracy: 0.2669, Confidence: 0.6324, Entropy: 0.9523
2025-05-29 14:34:30,928 - INFO - [C] Best model updated at /home/haislich/Documents/noisy_labels/hackaton/checkpoints/C/model_C_best.pth
2025-05-29 14:34:30,928 - INFO - Epoch 5/150| Train Score: 0.6776, Loss: 0.6606, Accuracy: 0.6776, Confidence: 0.6628, Entropy: 0.8586| Val Score: 0.5156, Loss: 1.1845, Accuracy: 0.5156, Confidence: 0.5962, Entropy: 1.0135
2025-05-29 14:34:53,083 - INFO - Epoch 6/150| Train Score: 0.6758, Loss: 0.6437, Accuracy: 0.6758, Confidence: 0.6787, Entropy: 0.8208| Val Score: 0.5111, Loss: 1.3230, Accuracy: 0.5111, Confidence: 0.5616, Entropy: 1.0425
2025-05-29 14:35:15,339 - INFO - Epoch 7/150| Train Score: 0.7030, Loss: 0.5837, Accuracy: 0.7030, Confidence: 0.6981, Entropy: 0.7650| Val Score: 0.4635, Loss: 1.4256, Accuracy: 0.4635, Confidence: 0.6393, Entropy: 0.9215
2025-05-29 14:35:37,663 - INFO - Epoch 8/150| Train Score: 0.7129, Loss: 0.5519, Accuracy: 0.7129, Confidence: 0.7178, Entropy: 0.7085| Val Score: 0.3691, Loss: 2.3476, Accuracy: 0.3691, Confidence: 0.7349, Entropy: 0.7023
2025-05-29 14:35:59,899 - INFO - Epoch 9/150| Train Score: 0.7485, Loss: 0.4926, Accuracy: 0.7485, Confidence: 0.7359, Entropy: 0.6603| Val Score: 0.5117, Loss: 1.3058, Accuracy: 0.5117, Confidence: 0.6511, Entropy: 0.8623
2025-05-29 14:36:21,950 - INFO - Epoch 10/150| Train Score: 0.7552, Loss: 0.4732, Accuracy: 0.7552, Confidence: 0.7516, Entropy: 0.6224| Val Score: 0.4473, Loss: 1.5619, Accuracy: 0.4473, Confidence: 0.6311, Entropy: 0.8248
2025-05-29 14:36:44,418 - INFO - Epoch 11/150| Train Score: 0.7648, Loss: 0.4651, Accuracy: 0.7648, Confidence: 0.7614, Entropy: 0.5907| Val Score: 0.5124, Loss: 1.3706, Accuracy: 0.5124, Confidence: 0.6538, Entropy: 0.8344
2025-05-29 14:37:06,686 - INFO - [C] Best model updated at /home/haislich/Documents/noisy_labels/hackaton/checkpoints/C/model_C_best.pth
2025-05-29 14:37:06,687 - INFO - Epoch 12/150| Train Score: 0.7661, Loss: 0.4538, Accuracy: 0.7661, Confidence: 0.7604, Entropy: 0.5890| Val Score: 0.5957, Loss: 1.1219, Accuracy: 0.5957, Confidence: 0.7138, Entropy: 0.6845
2025-05-29 14:37:28,930 - INFO - Epoch 13/150| Train Score: 0.7749, Loss: 0.4411, Accuracy: 0.7749, Confidence: 0.7654, Entropy: 0.5715| Val Score: 0.5775, Loss: 1.2867, Accuracy: 0.5775, Confidence: 0.6932, Entropy: 0.7437
2025-05-29 14:37:51,434 - INFO - [C] Best model updated at /home/haislich/Documents/noisy_labels/hackaton/checkpoints/C/model_C_best.pth
2025-05-29 14:37:51,435 - INFO - Epoch 14/150| Train Score: 0.7878, Loss: 0.3890, Accuracy: 0.7878, Confidence: 0.7832, Entropy: 0.5229| Val Score: 0.6803, Loss: 0.9128, Accuracy: 0.6803, Confidence: 0.7216, Entropy: 0.6706
2025-05-29 14:38:13,503 - INFO - Epoch 15/150| Train Score: 0.7835, Loss: 0.4174, Accuracy: 0.7835, Confidence: 0.7854, Entropy: 0.5228| Val Score: 0.6159, Loss: 1.1322, Accuracy: 0.6159, Confidence: 0.6990, Entropy: 0.7261
2025-05-29 14:38:35,613 - INFO - Epoch 16/150| Train Score: 0.7923, Loss: 0.3970, Accuracy: 0.7923, Confidence: 0.7886, Entropy: 0.5158| Val Score: 0.3314, Loss: 2.2581, Accuracy: 0.3314, Confidence: 0.7389, Entropy: 0.6745
2025-05-29 14:38:57,834 - INFO - Epoch 17/150| Train Score: 0.8045, Loss: 0.3660, Accuracy: 0.8045, Confidence: 0.8012, Entropy: 0.4818| Val Score: 0.6523, Loss: 0.9397, Accuracy: 0.6523, Confidence: 0.7024, Entropy: 0.6675
2025-05-29 14:39:20,238 - INFO - Epoch 18/150| Train Score: 0.8171, Loss: 0.3437, Accuracy: 0.8171, Confidence: 0.8097, Entropy: 0.4601| Val Score: 0.6602, Loss: 1.0102, Accuracy: 0.6602, Confidence: 0.7121, Entropy: 0.6534
2025-05-29 14:39:42,538 - INFO - Epoch 19/150| Train Score: 0.8192, Loss: 0.3439, Accuracy: 0.8192, Confidence: 0.8124, Entropy: 0.4502| Val Score: 0.6595, Loss: 0.8996, Accuracy: 0.6595, Confidence: 0.7165, Entropy: 0.6542
2025-05-29 14:40:04,696 - INFO - Epoch 20/150| Train Score: 0.8219, Loss: 0.3434, Accuracy: 0.8219, Confidence: 0.8173, Entropy: 0.4427| Val Score: 0.6641, Loss: 0.9153, Accuracy: 0.6641, Confidence: 0.7397, Entropy: 0.5896
2025-05-29 14:40:26,978 - INFO - Epoch 21/150| Train Score: 0.8242, Loss: 0.3217, Accuracy: 0.8242, Confidence: 0.8178, Entropy: 0.4332| Val Score: 0.6087, Loss: 1.1121, Accuracy: 0.6087, Confidence: 0.7368, Entropy: 0.6304
2025-05-29 14:40:49,361 - INFO - Epoch 22/150| Train Score: 0.8164, Loss: 0.3367, Accuracy: 0.8164, Confidence: 0.8194, Entropy: 0.4261| Val Score: 0.5938, Loss: 1.2046, Accuracy: 0.5938, Confidence: 0.7281, Entropy: 0.6520
2025-05-29 14:41:11,919 - INFO - Epoch 23/150| Train Score: 0.8335, Loss: 0.3084, Accuracy: 0.8335, Confidence: 0.8285, Entropy: 0.4032| Val Score: 0.6452, Loss: 0.9614, Accuracy: 0.6452, Confidence: 0.7126, Entropy: 0.6234
2025-05-29 14:41:34,575 - INFO - Epoch 24/150| Train Score: 0.8408, Loss: 0.2979, Accuracy: 0.8408, Confidence: 0.8309, Entropy: 0.3971| Val Score: 0.5736, Loss: 1.2128, Accuracy: 0.5736, Confidence: 0.7297, Entropy: 0.6579
2025-05-29 14:41:57,385 - INFO - Epoch 25/150| Train Score: 0.8444, Loss: 0.2832, Accuracy: 0.8444, Confidence: 0.8394, Entropy: 0.3720| Val Score: 0.6582, Loss: 0.8529, Accuracy: 0.6582, Confidence: 0.7422, Entropy: 0.5552
2025-05-29 14:42:19,748 - INFO - Epoch 26/150| Train Score: 0.8416, Loss: 0.2994, Accuracy: 0.8416, Confidence: 0.8336, Entropy: 0.3937| Val Score: 0.5729, Loss: 1.2664, Accuracy: 0.5729, Confidence: 0.7432, Entropy: 0.6144
2025-05-29 14:42:42,359 - INFO - Epoch 27/150| Train Score: 0.8522, Loss: 0.2899, Accuracy: 0.8522, Confidence: 0.8439, Entropy: 0.3690| Val Score: 0.6569, Loss: 1.0380, Accuracy: 0.6569, Confidence: 0.7895, Entropy: 0.5056
2025-05-29 14:43:04,663 - INFO - Epoch 28/150| Train Score: 0.8462, Loss: 0.2947, Accuracy: 0.8462, Confidence: 0.8432, Entropy: 0.3749| Val Score: 0.6309, Loss: 1.1009, Accuracy: 0.6309, Confidence: 0.7434, Entropy: 0.5824
2025-05-29 14:43:27,313 - INFO - Epoch 29/150| Train Score: 0.8517, Loss: 0.2690, Accuracy: 0.8517, Confidence: 0.8476, Entropy: 0.3601| Val Score: 0.6595, Loss: 0.9617, Accuracy: 0.6595, Confidence: 0.7650, Entropy: 0.5550
2025-05-29 14:43:50,112 - INFO - [C] Best model updated at /home/haislich/Documents/noisy_labels/hackaton/checkpoints/C/model_C_best.pth
2025-05-29 14:43:50,112 - INFO - Epoch 30/150| Train Score: 0.8618, Loss: 0.2550, Accuracy: 0.8618, Confidence: 0.8558, Entropy: 0.3435| Val Score: 0.7005, Loss: 0.8855, Accuracy: 0.7005, Confidence: 0.7762, Entropy: 0.5052
2025-05-29 14:44:12,554 - INFO - Epoch 31/150| Train Score: 0.8680, Loss: 0.2447, Accuracy: 0.8680, Confidence: 0.8627, Entropy: 0.3282| Val Score: 0.6797, Loss: 1.0482, Accuracy: 0.6797, Confidence: 0.8139, Entropy: 0.4677
2025-05-29 14:44:34,797 - INFO - Epoch 32/150| Train Score: 0.8538, Loss: 0.2707, Accuracy: 0.8538, Confidence: 0.8573, Entropy: 0.3403| Val Score: 0.6764, Loss: 0.8993, Accuracy: 0.6764, Confidence: 0.7678, Entropy: 0.5389
2025-05-29 14:44:56,948 - INFO - Epoch 33/150| Train Score: 0.8649, Loss: 0.2501, Accuracy: 0.8649, Confidence: 0.8604, Entropy: 0.3294| Val Score: 0.6914, Loss: 0.8688, Accuracy: 0.6914, Confidence: 0.7951, Entropy: 0.5014
2025-05-29 14:45:19,138 - INFO - Epoch 34/150| Train Score: 0.8695, Loss: 0.2438, Accuracy: 0.8695, Confidence: 0.8662, Entropy: 0.3166| Val Score: 0.6940, Loss: 0.9125, Accuracy: 0.6940, Confidence: 0.7743, Entropy: 0.5122
2025-05-29 14:45:41,303 - INFO - Epoch 35/150| Train Score: 0.8717, Loss: 0.2334, Accuracy: 0.8717, Confidence: 0.8676, Entropy: 0.3144| Val Score: 0.6667, Loss: 0.9105, Accuracy: 0.6667, Confidence: 0.7738, Entropy: 0.5058
2025-05-29 14:46:03,916 - INFO - Epoch 36/150| Train Score: 0.8674, Loss: 0.2436, Accuracy: 0.8674, Confidence: 0.8675, Entropy: 0.3113| Val Score: 0.6198, Loss: 0.9901, Accuracy: 0.6198, Confidence: 0.7496, Entropy: 0.5576
2025-05-29 14:46:26,140 - INFO - Epoch 37/150| Train Score: 0.8877, Loss: 0.2175, Accuracy: 0.8877, Confidence: 0.8773, Entropy: 0.2882| Val Score: 0.4681, Loss: 2.0908, Accuracy: 0.4681, Confidence: 0.7260, Entropy: 0.5981
2025-05-29 14:46:48,882 - INFO - Epoch 38/150| Train Score: 0.8748, Loss: 0.2389, Accuracy: 0.8748, Confidence: 0.8737, Entropy: 0.2961| Val Score: 0.6022, Loss: 0.9864, Accuracy: 0.6022, Confidence: 0.7615, Entropy: 0.5184
2025-05-29 14:47:11,618 - INFO - Epoch 39/150| Train Score: 0.8818, Loss: 0.2250, Accuracy: 0.8818, Confidence: 0.8793, Entropy: 0.2881| Val Score: 0.6921, Loss: 0.9122, Accuracy: 0.6921, Confidence: 0.7760, Entropy: 0.4909
2025-05-29 14:47:34,026 - INFO - Epoch 40/150| Train Score: 0.8840, Loss: 0.2194, Accuracy: 0.8840, Confidence: 0.8774, Entropy: 0.2921| Val Score: 0.6504, Loss: 0.9065, Accuracy: 0.6504, Confidence: 0.7650, Entropy: 0.5123
2025-05-29 14:47:56,358 - INFO - Epoch 41/150| Train Score: 0.8916, Loss: 0.2086, Accuracy: 0.8916, Confidence: 0.8830, Entropy: 0.2802| Val Score: 0.6875, Loss: 0.9579, Accuracy: 0.6875, Confidence: 0.8129, Entropy: 0.4473
2025-05-29 14:48:18,627 - INFO - [C] Best model updated at /home/haislich/Documents/noisy_labels/hackaton/checkpoints/C/model_C_best.pth
2025-05-29 14:48:18,627 - INFO - Epoch 42/150| Train Score: 0.8989, Loss: 0.1901, Accuracy: 0.8989, Confidence: 0.8922, Entropy: 0.2598| Val Score: 0.7337, Loss: 0.8163, Accuracy: 0.7337, Confidence: 0.8261, Entropy: 0.4161
2025-05-29 14:48:41,244 - INFO - Epoch 43/150| Train Score: 0.8927, Loss: 0.2120, Accuracy: 0.8927, Confidence: 0.8893, Entropy: 0.2649| Val Score: 0.6803, Loss: 0.9466, Accuracy: 0.6803, Confidence: 0.8185, Entropy: 0.4227
2025-05-29 14:49:03,632 - INFO - Epoch 44/150| Train Score: 0.8840, Loss: 0.2285, Accuracy: 0.8840, Confidence: 0.8808, Entropy: 0.2860| Val Score: 0.7077, Loss: 0.9778, Accuracy: 0.7077, Confidence: 0.8156, Entropy: 0.4477
2025-05-29 14:49:26,225 - INFO - Epoch 45/150| Train Score: 0.8854, Loss: 0.2266, Accuracy: 0.8854, Confidence: 0.8817, Entropy: 0.2881| Val Score: 0.6934, Loss: 0.9358, Accuracy: 0.6934, Confidence: 0.8198, Entropy: 0.4228
2025-05-29 14:49:48,898 - INFO - Epoch 46/150| Train Score: 0.9002, Loss: 0.1893, Accuracy: 0.9002, Confidence: 0.8950, Entropy: 0.2558| Val Score: 0.7298, Loss: 0.8593, Accuracy: 0.7298, Confidence: 0.8341, Entropy: 0.3961
2025-05-29 14:50:11,875 - INFO - Epoch 47/150| Train Score: 0.8937, Loss: 0.2031, Accuracy: 0.8937, Confidence: 0.8963, Entropy: 0.2554| Val Score: 0.6628, Loss: 0.9952, Accuracy: 0.6628, Confidence: 0.7896, Entropy: 0.4796
2025-05-29 14:50:34,354 - INFO - Epoch 48/150| Train Score: 0.9069, Loss: 0.1773, Accuracy: 0.9069, Confidence: 0.8981, Entropy: 0.2498| Val Score: 0.7161, Loss: 0.9318, Accuracy: 0.7161, Confidence: 0.8341, Entropy: 0.3856
2025-05-29 14:50:56,505 - INFO - Epoch 49/150| Train Score: 0.9180, Loss: 0.1721, Accuracy: 0.9180, Confidence: 0.9109, Entropy: 0.2218| Val Score: 0.7012, Loss: 0.9313, Accuracy: 0.7012, Confidence: 0.8253, Entropy: 0.4070
2025-05-29 14:51:18,780 - INFO - Epoch 50/150| Train Score: 0.9144, Loss: 0.1760, Accuracy: 0.9144, Confidence: 0.9081, Entropy: 0.2307| Val Score: 0.7109, Loss: 0.8365, Accuracy: 0.7109, Confidence: 0.8352, Entropy: 0.3866
2025-05-29 14:51:40,878 - INFO - Epoch 51/150| Train Score: 0.9141, Loss: 0.1734, Accuracy: 0.9141, Confidence: 0.9070, Entropy: 0.2291| Val Score: 0.6979, Loss: 1.0665, Accuracy: 0.6979, Confidence: 0.8254, Entropy: 0.4144
2025-05-29 14:52:03,027 - INFO - Epoch 52/150| Train Score: 0.9191, Loss: 0.1643, Accuracy: 0.9191, Confidence: 0.9114, Entropy: 0.2206| Val Score: 0.7279, Loss: 0.9047, Accuracy: 0.7279, Confidence: 0.8497, Entropy: 0.3582
2025-05-29 14:52:25,365 - INFO - Epoch 53/150| Train Score: 0.9183, Loss: 0.1654, Accuracy: 0.9183, Confidence: 0.9138, Entropy: 0.2150| Val Score: 0.6341, Loss: 1.3343, Accuracy: 0.6341, Confidence: 0.8311, Entropy: 0.4040
2025-05-29 14:52:47,813 - INFO - [C] Best model updated at /home/haislich/Documents/noisy_labels/hackaton/checkpoints/C/model_C_best.pth
2025-05-29 14:52:47,814 - INFO - Epoch 54/150| Train Score: 0.9111, Loss: 0.1750, Accuracy: 0.9111, Confidence: 0.9101, Entropy: 0.2230| Val Score: 0.7480, Loss: 0.8413, Accuracy: 0.7480, Confidence: 0.8617, Entropy: 0.3358
2025-05-29 14:53:10,415 - INFO - Epoch 55/150| Train Score: 0.9119, Loss: 0.1698, Accuracy: 0.9119, Confidence: 0.9071, Entropy: 0.2278| Val Score: 0.6445, Loss: 1.1279, Accuracy: 0.6445, Confidence: 0.8298, Entropy: 0.4073
2025-05-29 14:53:32,836 - INFO - Epoch 56/150| Train Score: 0.9180, Loss: 0.1611, Accuracy: 0.9180, Confidence: 0.9110, Entropy: 0.2181| Val Score: 0.7142, Loss: 0.9708, Accuracy: 0.7142, Confidence: 0.8493, Entropy: 0.3639
2025-05-29 14:53:55,136 - INFO - Epoch 57/150| Train Score: 0.9202, Loss: 0.1580, Accuracy: 0.9202, Confidence: 0.9180, Entropy: 0.2061| Val Score: 0.7148, Loss: 1.0018, Accuracy: 0.7148, Confidence: 0.8670, Entropy: 0.3261
2025-05-29 14:54:17,752 - INFO - Epoch 58/150| Train Score: 0.9185, Loss: 0.1686, Accuracy: 0.9185, Confidence: 0.9126, Entropy: 0.2167| Val Score: 0.6999, Loss: 0.9685, Accuracy: 0.6999, Confidence: 0.8367, Entropy: 0.3826
2025-05-29 14:54:40,014 - INFO - Epoch 59/150| Train Score: 0.9159, Loss: 0.1659, Accuracy: 0.9159, Confidence: 0.9135, Entropy: 0.2127| Val Score: 0.6901, Loss: 1.0116, Accuracy: 0.6901, Confidence: 0.8365, Entropy: 0.3858
2025-05-29 14:55:02,381 - INFO - Epoch 60/150| Train Score: 0.9277, Loss: 0.1487, Accuracy: 0.9277, Confidence: 0.9192, Entropy: 0.2021| Val Score: 0.6634, Loss: 1.0871, Accuracy: 0.6634, Confidence: 0.8471, Entropy: 0.3601
2025-05-29 14:55:24,535 - INFO - Epoch 61/150| Train Score: 0.9232, Loss: 0.1597, Accuracy: 0.9232, Confidence: 0.9197, Entropy: 0.2019| Val Score: 0.7064, Loss: 1.0248, Accuracy: 0.7064, Confidence: 0.8598, Entropy: 0.3370
2025-05-29 14:55:46,965 - INFO - Epoch 62/150| Train Score: 0.9256, Loss: 0.1574, Accuracy: 0.9256, Confidence: 0.9230, Entropy: 0.1964| Val Score: 0.7409, Loss: 0.8963, Accuracy: 0.7409, Confidence: 0.8504, Entropy: 0.3599
2025-05-29 14:56:09,323 - INFO - Epoch 63/150| Train Score: 0.9251, Loss: 0.1563, Accuracy: 0.9251, Confidence: 0.9220, Entropy: 0.1961| Val Score: 0.6842, Loss: 1.0087, Accuracy: 0.6842, Confidence: 0.8359, Entropy: 0.3888
2025-05-29 14:56:31,711 - INFO - Epoch 64/150| Train Score: 0.9310, Loss: 0.1389, Accuracy: 0.9310, Confidence: 0.9231, Entropy: 0.1940| Val Score: 0.7428, Loss: 1.0400, Accuracy: 0.7428, Confidence: 0.8842, Entropy: 0.2874
2025-05-29 14:56:53,939 - INFO - Epoch 65/150| Train Score: 0.9264, Loss: 0.1493, Accuracy: 0.9264, Confidence: 0.9275, Entropy: 0.1832| Val Score: 0.7207, Loss: 0.9179, Accuracy: 0.7207, Confidence: 0.8525, Entropy: 0.3536
2025-05-29 14:57:16,080 - INFO - Epoch 66/150| Train Score: 0.9352, Loss: 0.1340, Accuracy: 0.9352, Confidence: 0.9281, Entropy: 0.1839| Val Score: 0.7402, Loss: 0.9232, Accuracy: 0.7402, Confidence: 0.8711, Entropy: 0.3179
2025-05-29 14:57:38,293 - INFO - Epoch 67/150| Train Score: 0.9403, Loss: 0.1313, Accuracy: 0.9403, Confidence: 0.9304, Entropy: 0.1773| Val Score: 0.6960, Loss: 0.9724, Accuracy: 0.6960, Confidence: 0.8560, Entropy: 0.3376
2025-05-29 14:58:00,364 - INFO - Epoch 68/150| Train Score: 0.9354, Loss: 0.1330, Accuracy: 0.9354, Confidence: 0.9315, Entropy: 0.1743| Val Score: 0.6921, Loss: 1.0637, Accuracy: 0.6921, Confidence: 0.8499, Entropy: 0.3535
2025-05-29 14:58:22,935 - INFO - Epoch 69/150| Train Score: 0.9336, Loss: 0.1374, Accuracy: 0.9336, Confidence: 0.9314, Entropy: 0.1771| Val Score: 0.7311, Loss: 0.9391, Accuracy: 0.7311, Confidence: 0.8684, Entropy: 0.3227
2025-05-29 14:58:45,772 - INFO - Epoch 70/150| Train Score: 0.9388, Loss: 0.1306, Accuracy: 0.9388, Confidence: 0.9327, Entropy: 0.1739| Val Score: 0.7357, Loss: 1.0161, Accuracy: 0.7357, Confidence: 0.8889, Entropy: 0.2779
2025-05-29 14:59:08,156 - INFO - Epoch 71/150| Train Score: 0.9416, Loss: 0.1283, Accuracy: 0.9416, Confidence: 0.9372, Entropy: 0.1626| Val Score: 0.7155, Loss: 1.0198, Accuracy: 0.7155, Confidence: 0.8766, Entropy: 0.2980
2025-05-29 14:59:30,584 - INFO - Epoch 72/150| Train Score: 0.9404, Loss: 0.1196, Accuracy: 0.9404, Confidence: 0.9363, Entropy: 0.1632| Val Score: 0.7201, Loss: 1.0702, Accuracy: 0.7201, Confidence: 0.8746, Entropy: 0.3028
2025-05-29 14:59:53,323 - INFO - Epoch 73/150| Train Score: 0.9484, Loss: 0.1166, Accuracy: 0.9484, Confidence: 0.9397, Entropy: 0.1574| Val Score: 0.6940, Loss: 1.1344, Accuracy: 0.6940, Confidence: 0.8625, Entropy: 0.3313
2025-05-29 15:00:15,839 - INFO - Epoch 74/150| Train Score: 0.9414, Loss: 0.1281, Accuracy: 0.9414, Confidence: 0.9380, Entropy: 0.1612| Val Score: 0.7051, Loss: 1.1354, Accuracy: 0.7051, Confidence: 0.8742, Entropy: 0.3089
2025-05-29 15:00:38,582 - INFO - Epoch 75/150| Train Score: 0.9393, Loss: 0.1357, Accuracy: 0.9393, Confidence: 0.9358, Entropy: 0.1661| Val Score: 0.7233, Loss: 1.1921, Accuracy: 0.7233, Confidence: 0.8859, Entropy: 0.2876
2025-05-29 15:01:01,249 - INFO - Epoch 76/150| Train Score: 0.9435, Loss: 0.1125, Accuracy: 0.9435, Confidence: 0.9416, Entropy: 0.1537| Val Score: 0.6960, Loss: 1.1047, Accuracy: 0.6960, Confidence: 0.8733, Entropy: 0.3068
2025-05-29 15:01:23,744 - INFO - Epoch 77/150| Train Score: 0.9417, Loss: 0.1158, Accuracy: 0.9417, Confidence: 0.9420, Entropy: 0.1495| Val Score: 0.7142, Loss: 1.2955, Accuracy: 0.7142, Confidence: 0.8909, Entropy: 0.2786
2025-05-29 15:01:46,285 - INFO - Epoch 78/150| Train Score: 0.9465, Loss: 0.1131, Accuracy: 0.9465, Confidence: 0.9410, Entropy: 0.1548| Val Score: 0.7214, Loss: 1.1634, Accuracy: 0.7214, Confidence: 0.8775, Entropy: 0.2959
2025-05-29 15:02:08,973 - INFO - Epoch 79/150| Train Score: 0.9430, Loss: 0.1243, Accuracy: 0.9430, Confidence: 0.9414, Entropy: 0.1531| Val Score: 0.7201, Loss: 1.0398, Accuracy: 0.7201, Confidence: 0.8864, Entropy: 0.2884
2025-05-29 15:02:31,393 - INFO - Epoch 80/150| Train Score: 0.9539, Loss: 0.1033, Accuracy: 0.9539, Confidence: 0.9448, Entropy: 0.1449| Val Score: 0.7201, Loss: 1.0900, Accuracy: 0.7201, Confidence: 0.8812, Entropy: 0.2904
2025-05-29 15:02:53,984 - INFO - Epoch 81/150| Train Score: 0.9463, Loss: 0.1081, Accuracy: 0.9463, Confidence: 0.9453, Entropy: 0.1422| Val Score: 0.7090, Loss: 1.0760, Accuracy: 0.7090, Confidence: 0.8679, Entropy: 0.3101
2025-05-29 15:03:16,149 - INFO - Epoch 82/150| Train Score: 0.9494, Loss: 0.1053, Accuracy: 0.9494, Confidence: 0.9466, Entropy: 0.1391| Val Score: 0.7474, Loss: 1.1011, Accuracy: 0.7474, Confidence: 0.8867, Entropy: 0.2764
2025-05-29 15:03:38,555 - INFO - Epoch 83/150| Train Score: 0.9543, Loss: 0.0969, Accuracy: 0.9543, Confidence: 0.9503, Entropy: 0.1316| Val Score: 0.7181, Loss: 1.1482, Accuracy: 0.7181, Confidence: 0.8875, Entropy: 0.2740
2025-05-29 15:04:00,868 - INFO - Epoch 84/150| Train Score: 0.9521, Loss: 0.1056, Accuracy: 0.9521, Confidence: 0.9489, Entropy: 0.1356| Val Score: 0.7376, Loss: 1.0991, Accuracy: 0.7376, Confidence: 0.8909, Entropy: 0.2640
2025-05-29 15:04:23,202 - INFO - Epoch 85/150| Train Score: 0.9570, Loss: 0.1022, Accuracy: 0.9570, Confidence: 0.9489, Entropy: 0.1346| Val Score: 0.6829, Loss: 1.2003, Accuracy: 0.6829, Confidence: 0.8726, Entropy: 0.3083
2025-05-29 15:04:45,951 - INFO - Epoch 86/150| Train Score: 0.9482, Loss: 0.1127, Accuracy: 0.9482, Confidence: 0.9476, Entropy: 0.1372| Val Score: 0.7266, Loss: 1.0792, Accuracy: 0.7266, Confidence: 0.8808, Entropy: 0.2892
2025-05-29 15:05:08,740 - INFO - [C] Best model updated at /home/haislich/Documents/noisy_labels/hackaton/checkpoints/C/model_C_best.pth
2025-05-29 15:05:08,741 - INFO - Epoch 87/150| Train Score: 0.9518, Loss: 0.1065, Accuracy: 0.9518, Confidence: 0.9459, Entropy: 0.1421| Val Score: 0.7520, Loss: 1.0558, Accuracy: 0.7520, Confidence: 0.8937, Entropy: 0.2708
2025-05-29 15:05:31,382 - INFO - Epoch 88/150| Train Score: 0.9562, Loss: 0.1016, Accuracy: 0.9562, Confidence: 0.9504, Entropy: 0.1312| Val Score: 0.7389, Loss: 1.1342, Accuracy: 0.7389, Confidence: 0.9027, Entropy: 0.2441
2025-05-29 15:05:53,566 - INFO - Epoch 89/150| Train Score: 0.9572, Loss: 0.0964, Accuracy: 0.9572, Confidence: 0.9539, Entropy: 0.1244| Val Score: 0.7266, Loss: 1.0872, Accuracy: 0.7266, Confidence: 0.8861, Entropy: 0.2772
2025-05-29 15:06:15,978 - INFO - Epoch 90/150| Train Score: 0.9533, Loss: 0.1025, Accuracy: 0.9533, Confidence: 0.9508, Entropy: 0.1302| Val Score: 0.7129, Loss: 1.2313, Accuracy: 0.7129, Confidence: 0.8869, Entropy: 0.2857
2025-05-29 15:06:38,279 - INFO - Epoch 91/150| Train Score: 0.9548, Loss: 0.1004, Accuracy: 0.9548, Confidence: 0.9509, Entropy: 0.1308| Val Score: 0.7168, Loss: 1.0551, Accuracy: 0.7168, Confidence: 0.8795, Entropy: 0.2931
2025-05-29 15:07:00,437 - INFO - Epoch 92/150| Train Score: 0.9567, Loss: 0.0954, Accuracy: 0.9567, Confidence: 0.9516, Entropy: 0.1274| Val Score: 0.7337, Loss: 1.0810, Accuracy: 0.7337, Confidence: 0.8852, Entropy: 0.2763
2025-05-29 15:07:22,728 - INFO - Epoch 93/150| Train Score: 0.9562, Loss: 0.0900, Accuracy: 0.9562, Confidence: 0.9557, Entropy: 0.1195| Val Score: 0.7214, Loss: 1.1492, Accuracy: 0.7214, Confidence: 0.8891, Entropy: 0.2790
2025-05-29 15:07:44,965 - INFO - Epoch 94/150| Train Score: 0.9539, Loss: 0.0978, Accuracy: 0.9539, Confidence: 0.9536, Entropy: 0.1240| Val Score: 0.6979, Loss: 1.2125, Accuracy: 0.6979, Confidence: 0.8850, Entropy: 0.2854
2025-05-29 15:08:07,291 - INFO - Epoch 95/150| Train Score: 0.9526, Loss: 0.1028, Accuracy: 0.9526, Confidence: 0.9536, Entropy: 0.1243| Val Score: 0.7240, Loss: 1.1479, Accuracy: 0.7240, Confidence: 0.8930, Entropy: 0.2643
2025-05-29 15:08:29,890 - INFO - Epoch 96/150| Train Score: 0.9548, Loss: 0.0935, Accuracy: 0.9548, Confidence: 0.9527, Entropy: 0.1258| Val Score: 0.3848, Loss: 3.6260, Accuracy: 0.3848, Confidence: 0.8611, Entropy: 0.3550
2025-05-29 15:08:52,567 - INFO - Epoch 97/150| Train Score: 0.9639, Loss: 0.0822, Accuracy: 0.9639, Confidence: 0.9579, Entropy: 0.1138| Val Score: 0.7402, Loss: 1.2389, Accuracy: 0.7402, Confidence: 0.9045, Entropy: 0.2386
2025-05-29 15:09:14,942 - INFO - Epoch 98/150| Train Score: 0.9686, Loss: 0.0697, Accuracy: 0.9686, Confidence: 0.9624, Entropy: 0.1028| Val Score: 0.7493, Loss: 1.2183, Accuracy: 0.7493, Confidence: 0.9186, Entropy: 0.2086
2025-05-29 15:09:37,493 - INFO - Epoch 99/150| Train Score: 0.9626, Loss: 0.0834, Accuracy: 0.9626, Confidence: 0.9580, Entropy: 0.1129| Val Score: 0.7402, Loss: 1.2835, Accuracy: 0.7402, Confidence: 0.9169, Entropy: 0.2165
2025-05-29 15:10:00,019 - INFO - Epoch 100/150| Train Score: 0.9684, Loss: 0.0723, Accuracy: 0.9684, Confidence: 0.9641, Entropy: 0.0993| Val Score: 0.7083, Loss: 1.2379, Accuracy: 0.7083, Confidence: 0.8977, Entropy: 0.2465
2025-05-29 15:10:22,481 - INFO - Epoch 101/150| Train Score: 0.9530, Loss: 0.1014, Accuracy: 0.9530, Confidence: 0.9538, Entropy: 0.1210| Val Score: 0.6927, Loss: 1.4820, Accuracy: 0.6927, Confidence: 0.9030, Entropy: 0.2515
2025-05-29 15:10:44,738 - INFO - Epoch 102/150| Train Score: 0.9557, Loss: 0.0950, Accuracy: 0.9557, Confidence: 0.9546, Entropy: 0.1203| Val Score: 0.6647, Loss: 1.5698, Accuracy: 0.6647, Confidence: 0.8832, Entropy: 0.2920
2025-05-29 15:11:07,011 - INFO - Epoch 103/150| Train Score: 0.9613, Loss: 0.0819, Accuracy: 0.9613, Confidence: 0.9577, Entropy: 0.1155| Val Score: 0.7474, Loss: 1.1420, Accuracy: 0.7474, Confidence: 0.9026, Entropy: 0.2431
2025-05-29 15:11:29,377 - INFO - Epoch 104/150| Train Score: 0.9709, Loss: 0.0698, Accuracy: 0.9709, Confidence: 0.9655, Entropy: 0.0969| Val Score: 0.4798, Loss: 2.8842, Accuracy: 0.4798, Confidence: 0.8414, Entropy: 0.3901
2025-05-29 15:11:52,204 - INFO - Epoch 105/150| Train Score: 0.9652, Loss: 0.0809, Accuracy: 0.9652, Confidence: 0.9633, Entropy: 0.1006| Val Score: 0.7181, Loss: 1.3333, Accuracy: 0.7181, Confidence: 0.9033, Entropy: 0.2418
2025-05-29 15:12:14,621 - INFO - Epoch 106/150| Train Score: 0.9642, Loss: 0.0888, Accuracy: 0.9642, Confidence: 0.9592, Entropy: 0.1099| Val Score: 0.6940, Loss: 1.3752, Accuracy: 0.6940, Confidence: 0.8992, Entropy: 0.2511
2025-05-29 15:12:37,030 - INFO - Epoch 107/150| Train Score: 0.9634, Loss: 0.0850, Accuracy: 0.9634, Confidence: 0.9608, Entropy: 0.1068| Val Score: 0.7266, Loss: 1.2958, Accuracy: 0.7266, Confidence: 0.9059, Entropy: 0.2359
2025-05-29 15:12:59,456 - INFO - Epoch 108/150| Train Score: 0.9631, Loss: 0.0824, Accuracy: 0.9631, Confidence: 0.9613, Entropy: 0.1053| Val Score: 0.7344, Loss: 1.1849, Accuracy: 0.7344, Confidence: 0.9102, Entropy: 0.2311
2025-05-29 15:13:21,963 - INFO - Epoch 109/150| Train Score: 0.9647, Loss: 0.0772, Accuracy: 0.9647, Confidence: 0.9601, Entropy: 0.1073| Val Score: 0.7227, Loss: 1.1768, Accuracy: 0.7227, Confidence: 0.9040, Entropy: 0.2354
2025-05-29 15:13:44,486 - INFO - Epoch 110/150| Train Score: 0.9644, Loss: 0.0768, Accuracy: 0.9644, Confidence: 0.9634, Entropy: 0.0985| Val Score: 0.6914, Loss: 1.4527, Accuracy: 0.6914, Confidence: 0.9019, Entropy: 0.2429
2025-05-29 15:14:07,113 - INFO - Epoch 111/150| Train Score: 0.9582, Loss: 0.0940, Accuracy: 0.9582, Confidence: 0.9603, Entropy: 0.1080| Val Score: 0.7305, Loss: 1.3000, Accuracy: 0.7305, Confidence: 0.9050, Entropy: 0.2464
2025-05-29 15:14:29,680 - INFO - Epoch 112/150| Train Score: 0.9678, Loss: 0.0686, Accuracy: 0.9678, Confidence: 0.9636, Entropy: 0.0999| Val Score: 0.7025, Loss: 1.5392, Accuracy: 0.7025, Confidence: 0.9108, Entropy: 0.2285
2025-05-29 15:14:52,329 - INFO - Epoch 113/150| Train Score: 0.9718, Loss: 0.0651, Accuracy: 0.9718, Confidence: 0.9675, Entropy: 0.0888| Val Score: 0.7474, Loss: 1.2076, Accuracy: 0.7474, Confidence: 0.9106, Entropy: 0.2232
2025-05-29 15:15:14,719 - INFO - Epoch 114/150| Train Score: 0.9666, Loss: 0.0792, Accuracy: 0.9666, Confidence: 0.9656, Entropy: 0.0938| Val Score: 0.7227, Loss: 1.4854, Accuracy: 0.7227, Confidence: 0.9151, Entropy: 0.2145
2025-05-29 15:15:37,294 - INFO - Epoch 115/150| Train Score: 0.9634, Loss: 0.0787, Accuracy: 0.9634, Confidence: 0.9635, Entropy: 0.0990| Val Score: 0.7350, Loss: 1.2165, Accuracy: 0.7350, Confidence: 0.9066, Entropy: 0.2296
2025-05-29 15:15:59,692 - INFO - Epoch 116/150| Train Score: 0.9710, Loss: 0.0695, Accuracy: 0.9710, Confidence: 0.9666, Entropy: 0.0925| Val Score: 0.6764, Loss: 1.7640, Accuracy: 0.6764, Confidence: 0.8995, Entropy: 0.2568
2025-05-29 15:16:22,103 - INFO - Epoch 117/150| Train Score: 0.9627, Loss: 0.0795, Accuracy: 0.9627, Confidence: 0.9631, Entropy: 0.0997| Val Score: 0.7402, Loss: 1.1568, Accuracy: 0.7402, Confidence: 0.9098, Entropy: 0.2241
2025-05-29 15:16:44,481 - INFO - Epoch 118/150| Train Score: 0.9705, Loss: 0.0726, Accuracy: 0.9705, Confidence: 0.9649, Entropy: 0.0964| Val Score: 0.7467, Loss: 1.1549, Accuracy: 0.7467, Confidence: 0.9079, Entropy: 0.2355
2025-05-29 15:17:06,979 - INFO - Epoch 119/150| Train Score: 0.9676, Loss: 0.0716, Accuracy: 0.9676, Confidence: 0.9671, Entropy: 0.0901| Val Score: 0.7513, Loss: 1.1722, Accuracy: 0.7513, Confidence: 0.9197, Entropy: 0.2037
2025-05-29 15:17:29,468 - INFO - Epoch 120/150| Train Score: 0.9709, Loss: 0.0682, Accuracy: 0.9709, Confidence: 0.9676, Entropy: 0.0890| Val Score: 0.7467, Loss: 1.2282, Accuracy: 0.7467, Confidence: 0.9102, Entropy: 0.2235
2025-05-29 15:17:52,095 - INFO - Epoch 121/150| Train Score: 0.9714, Loss: 0.0670, Accuracy: 0.9714, Confidence: 0.9696, Entropy: 0.0863| Val Score: 0.7142, Loss: 1.2920, Accuracy: 0.7142, Confidence: 0.9074, Entropy: 0.2342
2025-05-29 15:18:14,710 - INFO - Epoch 122/150| Train Score: 0.9717, Loss: 0.0650, Accuracy: 0.9717, Confidence: 0.9690, Entropy: 0.0854| Val Score: 0.7376, Loss: 1.2134, Accuracy: 0.7376, Confidence: 0.9148, Entropy: 0.2139
2025-05-29 15:18:37,092 - INFO - Epoch 123/150| Train Score: 0.9684, Loss: 0.0672, Accuracy: 0.9684, Confidence: 0.9658, Entropy: 0.0917| Val Score: 0.7389, Loss: 1.1951, Accuracy: 0.7389, Confidence: 0.9135, Entropy: 0.2128
2025-05-29 15:18:59,804 - INFO - [C] Best model updated at /home/haislich/Documents/noisy_labels/hackaton/checkpoints/C/model_C_best.pth
2025-05-29 15:18:59,805 - INFO - Epoch 124/150| Train Score: 0.9715, Loss: 0.0644, Accuracy: 0.9715, Confidence: 0.9693, Entropy: 0.0854| Val Score: 0.7559, Loss: 1.3788, Accuracy: 0.7559, Confidence: 0.9237, Entropy: 0.1933
2025-05-29 15:19:22,348 - INFO - [C] Best model updated at /home/haislich/Documents/noisy_labels/hackaton/checkpoints/C/model_C_best.pth
2025-05-29 15:19:22,349 - INFO - Epoch 125/150| Train Score: 0.9718, Loss: 0.0634, Accuracy: 0.9718, Confidence: 0.9708, Entropy: 0.0807| Val Score: 0.7604, Loss: 1.1961, Accuracy: 0.7604, Confidence: 0.9193, Entropy: 0.2024
2025-05-29 15:19:44,752 - INFO - Epoch 126/150| Train Score: 0.9740, Loss: 0.0580, Accuracy: 0.9740, Confidence: 0.9714, Entropy: 0.0803| Val Score: 0.6497, Loss: 1.9373, Accuracy: 0.6497, Confidence: 0.8937, Entropy: 0.2614
2025-05-29 15:20:07,178 - INFO - Epoch 127/150| Train Score: 0.9691, Loss: 0.0724, Accuracy: 0.9691, Confidence: 0.9668, Entropy: 0.0920| Val Score: 0.6491, Loss: 1.6794, Accuracy: 0.6491, Confidence: 0.8859, Entropy: 0.2780
2025-05-29 15:20:29,624 - INFO - Epoch 128/150| Train Score: 0.9725, Loss: 0.0675, Accuracy: 0.9725, Confidence: 0.9669, Entropy: 0.0902| Val Score: 0.7454, Loss: 1.2342, Accuracy: 0.7454, Confidence: 0.9202, Entropy: 0.2008
2025-05-29 15:20:52,122 - INFO - Epoch 129/150| Train Score: 0.9702, Loss: 0.0699, Accuracy: 0.9702, Confidence: 0.9677, Entropy: 0.0900| Val Score: 0.7415, Loss: 1.2507, Accuracy: 0.7415, Confidence: 0.9175, Entropy: 0.2039
2025-05-29 15:21:14,654 - INFO - Epoch 130/150| Train Score: 0.9766, Loss: 0.0545, Accuracy: 0.9766, Confidence: 0.9739, Entropy: 0.0736| Val Score: 0.7181, Loss: 1.3910, Accuracy: 0.7181, Confidence: 0.9136, Entropy: 0.2167
2025-05-29 15:21:37,039 - INFO - Epoch 131/150| Train Score: 0.9722, Loss: 0.0619, Accuracy: 0.9722, Confidence: 0.9719, Entropy: 0.0779| Val Score: 0.7350, Loss: 1.2890, Accuracy: 0.7350, Confidence: 0.9119, Entropy: 0.2131
2025-05-29 15:21:59,672 - INFO - Epoch 132/150| Train Score: 0.9727, Loss: 0.0631, Accuracy: 0.9727, Confidence: 0.9715, Entropy: 0.0785| Val Score: 0.6361, Loss: 1.6911, Accuracy: 0.6361, Confidence: 0.8825, Entropy: 0.2962
2025-05-29 15:22:22,401 - INFO - Epoch 133/150| Train Score: 0.9738, Loss: 0.0625, Accuracy: 0.9738, Confidence: 0.9731, Entropy: 0.0756| Val Score: 0.7448, Loss: 1.3520, Accuracy: 0.7448, Confidence: 0.9200, Entropy: 0.1991
2025-05-29 15:22:44,813 - INFO - Epoch 134/150| Train Score: 0.9771, Loss: 0.0530, Accuracy: 0.9771, Confidence: 0.9717, Entropy: 0.0782| Val Score: 0.7370, Loss: 1.2971, Accuracy: 0.7370, Confidence: 0.9213, Entropy: 0.1990
2025-05-29 15:23:07,402 - INFO - Epoch 135/150| Train Score: 0.9705, Loss: 0.0654, Accuracy: 0.9705, Confidence: 0.9708, Entropy: 0.0790| Val Score: 0.7402, Loss: 1.2278, Accuracy: 0.7402, Confidence: 0.9174, Entropy: 0.2055
2025-05-29 15:23:29,772 - INFO - Epoch 136/150| Train Score: 0.9749, Loss: 0.0645, Accuracy: 0.9749, Confidence: 0.9733, Entropy: 0.0755| Val Score: 0.5404, Loss: 2.7320, Accuracy: 0.5404, Confidence: 0.8913, Entropy: 0.2664
2025-05-29 15:23:52,280 - INFO - Epoch 137/150| Train Score: 0.9626, Loss: 0.0845, Accuracy: 0.9626, Confidence: 0.9658, Entropy: 0.0935| Val Score: 0.6973, Loss: 1.2889, Accuracy: 0.6973, Confidence: 0.8936, Entropy: 0.2595
2025-05-29 15:24:14,793 - INFO - Epoch 138/150| Train Score: 0.9712, Loss: 0.0614, Accuracy: 0.9712, Confidence: 0.9657, Entropy: 0.0935| Val Score: 0.7415, Loss: 1.1655, Accuracy: 0.7415, Confidence: 0.9179, Entropy: 0.2042
2025-05-29 15:24:37,314 - INFO - Epoch 139/150| Train Score: 0.9774, Loss: 0.0483, Accuracy: 0.9774, Confidence: 0.9733, Entropy: 0.0745| Val Score: 0.7331, Loss: 1.3824, Accuracy: 0.7331, Confidence: 0.9256, Entropy: 0.1897
2025-05-29 15:25:00,187 - INFO - Epoch 140/150| Train Score: 0.9771, Loss: 0.0579, Accuracy: 0.9771, Confidence: 0.9742, Entropy: 0.0730| Val Score: 0.6725, Loss: 1.6035, Accuracy: 0.6725, Confidence: 0.9035, Entropy: 0.2329
2025-05-29 15:25:23,834 - INFO - Epoch 141/150| Train Score: 0.9784, Loss: 0.0550, Accuracy: 0.9784, Confidence: 0.9737, Entropy: 0.0736| Val Score: 0.7376, Loss: 1.3316, Accuracy: 0.7376, Confidence: 0.9227, Entropy: 0.1945
2025-05-29 15:25:47,426 - INFO - Epoch 142/150| Train Score: 0.9691, Loss: 0.0662, Accuracy: 0.9691, Confidence: 0.9699, Entropy: 0.0828| Val Score: 0.6914, Loss: 1.4744, Accuracy: 0.6914, Confidence: 0.9010, Entropy: 0.2472
2025-05-29 15:26:10,947 - INFO - Epoch 143/150| Train Score: 0.9741, Loss: 0.0577, Accuracy: 0.9741, Confidence: 0.9735, Entropy: 0.0746| Val Score: 0.6914, Loss: 1.5430, Accuracy: 0.6914, Confidence: 0.9051, Entropy: 0.2381
2025-05-29 15:26:34,254 - INFO - Epoch 144/150| Train Score: 0.9810, Loss: 0.0451, Accuracy: 0.9810, Confidence: 0.9755, Entropy: 0.0693| Val Score: 0.7357, Loss: 1.2897, Accuracy: 0.7357, Confidence: 0.9257, Entropy: 0.1827
2025-05-29 15:26:57,720 - INFO - Epoch 145/150| Train Score: 0.9757, Loss: 0.0587, Accuracy: 0.9757, Confidence: 0.9752, Entropy: 0.0698| Val Score: 0.7246, Loss: 1.3115, Accuracy: 0.7246, Confidence: 0.9186, Entropy: 0.2057
2025-05-29 15:27:21,387 - INFO - Epoch 146/150| Train Score: 0.9775, Loss: 0.0499, Accuracy: 0.9775, Confidence: 0.9746, Entropy: 0.0713| Val Score: 0.7500, Loss: 1.2815, Accuracy: 0.7500, Confidence: 0.9256, Entropy: 0.1854
2025-05-29 15:27:44,873 - INFO - Epoch 147/150| Train Score: 0.9738, Loss: 0.0578, Accuracy: 0.9738, Confidence: 0.9730, Entropy: 0.0738| Val Score: 0.7057, Loss: 1.4251, Accuracy: 0.7057, Confidence: 0.9035, Entropy: 0.2408
2025-05-29 15:28:08,502 - INFO - Epoch 148/150| Train Score: 0.9785, Loss: 0.0493, Accuracy: 0.9785, Confidence: 0.9770, Entropy: 0.0668| Val Score: 0.7350, Loss: 1.2475, Accuracy: 0.7350, Confidence: 0.9211, Entropy: 0.1953
2025-05-29 15:28:31,952 - INFO - Epoch 149/150| Train Score: 0.9810, Loss: 0.0464, Accuracy: 0.9810, Confidence: 0.9767, Entropy: 0.0655| Val Score: 0.7480, Loss: 1.4274, Accuracy: 0.7480, Confidence: 0.9321, Entropy: 0.1720
2025-05-29 15:28:32,271 - INFO - Case study end, 0.7604166666666666
2025-05-29 15:28:32,271 - INFO - ################################################################################
2025-05-29 15:28:32,271 - INFO - 

2025-05-29 15:30:27,421 - INFO - ################################################################################
2025-05-29 15:30:27,421 - INFO - Start case study with parameters:
2025-05-29 15:30:27,421 - INFO - gnn_type='gcn' loss_type='nosy_ce' graph_pooling='mean' drop_ratio=0.2 num_layers=11 embedding_dim=300 num_epochs=150
2025-05-29 15:30:58,039 - INFO - [D] Best model updated at /home/haislich/Documents/noisy_labels/hackaton/checkpoints/D/model_D_best.pth
2025-05-29 15:30:58,039 - INFO - Epoch 0/150| Train Score: 0.4223, Loss: 1.1642, Accuracy: 0.4223, Confidence: 0.4049, Entropy: 1.4754| Val Score: 0.3303, Loss: 1.6021, Accuracy: 0.3303, Confidence: 0.4260, Entropy: 1.4014
2025-05-29 15:31:28,438 - INFO - [D] Best model updated at /home/haislich/Documents/noisy_labels/hackaton/checkpoints/D/model_D_best.pth
2025-05-29 15:31:28,438 - INFO - Epoch 1/150| Train Score: 0.5601, Loss: 0.9120, Accuracy: 0.5601, Confidence: 0.5472, Entropy: 1.1613| Val Score: 0.4232, Loss: 1.4146, Accuracy: 0.4232, Confidence: 0.5112, Entropy: 1.1346
2025-05-29 15:31:58,618 - INFO - Epoch 2/150| Train Score: 0.6152, Loss: 0.7853, Accuracy: 0.6152, Confidence: 0.6073, Entropy: 1.0065| Val Score: 0.4032, Loss: 1.4983, Accuracy: 0.4032, Confidence: 0.5690, Entropy: 1.0808
2025-05-29 15:32:28,882 - INFO - [D] Best model updated at /home/haislich/Documents/noisy_labels/hackaton/checkpoints/D/model_D_best.pth
2025-05-29 15:32:28,882 - INFO - Epoch 3/150| Train Score: 0.6498, Loss: 0.6927, Accuracy: 0.6498, Confidence: 0.6482, Entropy: 0.8949| Val Score: 0.4514, Loss: 1.6243, Accuracy: 0.4514, Confidence: 0.6640, Entropy: 0.8817
2025-05-29 15:32:59,046 - INFO - [D] Best model updated at /home/haislich/Documents/noisy_labels/hackaton/checkpoints/D/model_D_best.pth
2025-05-29 15:32:59,046 - INFO - Epoch 4/150| Train Score: 0.6909, Loss: 0.6069, Accuracy: 0.6909, Confidence: 0.6861, Entropy: 0.7848| Val Score: 0.5224, Loss: 1.1752, Accuracy: 0.5224, Confidence: 0.6479, Entropy: 0.8748
2025-05-29 15:33:29,165 - INFO - Epoch 5/150| Train Score: 0.7046, Loss: 0.5584, Accuracy: 0.7046, Confidence: 0.7028, Entropy: 0.7275| Val Score: 0.4645, Loss: 1.2523, Accuracy: 0.4645, Confidence: 0.6247, Entropy: 0.8708
2025-05-29 15:33:59,500 - INFO - [D] Best model updated at /home/haislich/Documents/noisy_labels/hackaton/checkpoints/D/model_D_best.pth
2025-05-29 15:33:59,501 - INFO - Epoch 6/150| Train Score: 0.7280, Loss: 0.5150, Accuracy: 0.7280, Confidence: 0.7254, Entropy: 0.6660| Val Score: 0.5715, Loss: 1.0167, Accuracy: 0.5715, Confidence: 0.6354, Entropy: 0.8392
2025-05-29 15:34:30,794 - INFO - Epoch 7/150| Train Score: 0.7302, Loss: 0.5015, Accuracy: 0.7302, Confidence: 0.7305, Entropy: 0.6412| Val Score: 0.5584, Loss: 1.0100, Accuracy: 0.5584, Confidence: 0.6599, Entropy: 0.7944
2025-05-29 15:35:01,793 - INFO - [D] Best model updated at /home/haislich/Documents/noisy_labels/hackaton/checkpoints/D/model_D_best.pth
2025-05-29 15:35:01,793 - INFO - Epoch 8/150| Train Score: 0.7474, Loss: 0.4646, Accuracy: 0.7474, Confidence: 0.7432, Entropy: 0.6079| Val Score: 0.6333, Loss: 0.8444, Accuracy: 0.6333, Confidence: 0.6876, Entropy: 0.7132
2025-05-29 15:35:31,928 - INFO - Epoch 9/150| Train Score: 0.7606, Loss: 0.4323, Accuracy: 0.7606, Confidence: 0.7584, Entropy: 0.5639| Val Score: 0.5768, Loss: 0.9873, Accuracy: 0.5768, Confidence: 0.6478, Entropy: 0.7711
2025-05-29 15:36:02,081 - INFO - Epoch 10/150| Train Score: 0.7688, Loss: 0.4145, Accuracy: 0.7688, Confidence: 0.7664, Entropy: 0.5352| Val Score: 0.6167, Loss: 0.9573, Accuracy: 0.6167, Confidence: 0.6676, Entropy: 0.7204
2025-05-29 15:36:31,854 - INFO - Epoch 11/150| Train Score: 0.7830, Loss: 0.3991, Accuracy: 0.7830, Confidence: 0.7768, Entropy: 0.5082| Val Score: 0.5861, Loss: 0.9851, Accuracy: 0.5861, Confidence: 0.6968, Entropy: 0.6651
2025-05-29 15:37:02,153 - INFO - [D] Best model updated at /home/haislich/Documents/noisy_labels/hackaton/checkpoints/D/model_D_best.pth
2025-05-29 15:37:02,154 - INFO - Epoch 12/150| Train Score: 0.7883, Loss: 0.3742, Accuracy: 0.7883, Confidence: 0.7856, Entropy: 0.4851| Val Score: 0.6483, Loss: 0.9404, Accuracy: 0.6483, Confidence: 0.7305, Entropy: 0.5947
2025-05-29 15:37:32,203 - INFO - Epoch 13/150| Train Score: 0.7854, Loss: 0.3634, Accuracy: 0.7854, Confidence: 0.7875, Entropy: 0.4675| Val Score: 0.5482, Loss: 1.2939, Accuracy: 0.5482, Confidence: 0.7429, Entropy: 0.5871
2025-05-29 15:38:02,530 - INFO - [D] Best model updated at /home/haislich/Documents/noisy_labels/hackaton/checkpoints/D/model_D_best.pth
2025-05-29 15:38:02,530 - INFO - Epoch 14/150| Train Score: 0.7929, Loss: 0.3534, Accuracy: 0.7929, Confidence: 0.7936, Entropy: 0.4536| Val Score: 0.6649, Loss: 0.7965, Accuracy: 0.6649, Confidence: 0.7000, Entropy: 0.6309
2025-05-29 15:38:32,600 - INFO - Epoch 15/150| Train Score: 0.7979, Loss: 0.3550, Accuracy: 0.7979, Confidence: 0.7937, Entropy: 0.4538| Val Score: 0.6089, Loss: 0.9778, Accuracy: 0.6089, Confidence: 0.7185, Entropy: 0.6214
2025-05-29 15:39:02,931 - INFO - Epoch 16/150| Train Score: 0.8035, Loss: 0.3406, Accuracy: 0.8035, Confidence: 0.7991, Entropy: 0.4422| Val Score: 0.6357, Loss: 0.9870, Accuracy: 0.6357, Confidence: 0.7440, Entropy: 0.5812
2025-05-29 15:39:33,138 - INFO - Epoch 17/150| Train Score: 0.7966, Loss: 0.3389, Accuracy: 0.7966, Confidence: 0.7966, Entropy: 0.4352| Val Score: 0.6304, Loss: 0.8362, Accuracy: 0.6304, Confidence: 0.7081, Entropy: 0.6218
2025-05-29 15:40:03,278 - INFO - Epoch 18/150| Train Score: 0.8045, Loss: 0.3399, Accuracy: 0.8045, Confidence: 0.8045, Entropy: 0.4242| Val Score: 0.4922, Loss: 1.4905, Accuracy: 0.4922, Confidence: 0.7462, Entropy: 0.5865
2025-05-29 15:40:33,410 - INFO - Epoch 19/150| Train Score: 0.8053, Loss: 0.3323, Accuracy: 0.8053, Confidence: 0.8043, Entropy: 0.4276| Val Score: 0.6615, Loss: 0.8068, Accuracy: 0.6615, Confidence: 0.7235, Entropy: 0.5811
2025-05-29 15:41:03,545 - INFO - Epoch 20/150| Train Score: 0.8144, Loss: 0.3121, Accuracy: 0.8144, Confidence: 0.8101, Entropy: 0.4071| Val Score: 0.6445, Loss: 0.8931, Accuracy: 0.6445, Confidence: 0.7433, Entropy: 0.5527
2025-05-29 15:41:34,068 - INFO - [D] Best model updated at /home/haislich/Documents/noisy_labels/hackaton/checkpoints/D/model_D_best.pth
2025-05-29 15:41:34,068 - INFO - Epoch 21/150| Train Score: 0.8200, Loss: 0.3005, Accuracy: 0.8200, Confidence: 0.8186, Entropy: 0.3904| Val Score: 0.6994, Loss: 0.7045, Accuracy: 0.6994, Confidence: 0.7462, Entropy: 0.5110
2025-05-29 15:42:04,238 - INFO - Epoch 22/150| Train Score: 0.8243, Loss: 0.3041, Accuracy: 0.8243, Confidence: 0.8173, Entropy: 0.3892| Val Score: 0.6595, Loss: 0.7602, Accuracy: 0.6595, Confidence: 0.7462, Entropy: 0.5390
2025-05-29 15:42:34,402 - INFO - Epoch 23/150| Train Score: 0.8254, Loss: 0.2985, Accuracy: 0.8254, Confidence: 0.8190, Entropy: 0.3851| Val Score: 0.6415, Loss: 0.8384, Accuracy: 0.6415, Confidence: 0.7437, Entropy: 0.5384
2025-05-29 15:43:04,385 - INFO - Epoch 24/150| Train Score: 0.8127, Loss: 0.3038, Accuracy: 0.8127, Confidence: 0.8167, Entropy: 0.3895| Val Score: 0.6372, Loss: 0.7839, Accuracy: 0.6372, Confidence: 0.7375, Entropy: 0.5483
2025-05-29 15:43:34,762 - INFO - Epoch 25/150| Train Score: 0.8260, Loss: 0.2851, Accuracy: 0.8260, Confidence: 0.8263, Entropy: 0.3637| Val Score: 0.6527, Loss: 0.7093, Accuracy: 0.6527, Confidence: 0.7566, Entropy: 0.4985
2025-05-29 15:44:04,871 - INFO - [D] Best model updated at /home/haislich/Documents/noisy_labels/hackaton/checkpoints/D/model_D_best.pth
2025-05-29 15:44:04,871 - INFO - Epoch 26/150| Train Score: 0.8276, Loss: 0.2761, Accuracy: 0.8276, Confidence: 0.8264, Entropy: 0.3622| Val Score: 0.7140, Loss: 0.6581, Accuracy: 0.7140, Confidence: 0.7648, Entropy: 0.4957
2025-05-29 15:44:34,995 - INFO - Epoch 27/150| Train Score: 0.8354, Loss: 0.2775, Accuracy: 0.8354, Confidence: 0.8306, Entropy: 0.3502| Val Score: 0.6114, Loss: 0.8450, Accuracy: 0.6114, Confidence: 0.7578, Entropy: 0.5128
2025-05-29 15:45:05,188 - INFO - Epoch 28/150| Train Score: 0.8296, Loss: 0.2810, Accuracy: 0.8296, Confidence: 0.8303, Entropy: 0.3560| Val Score: 0.6697, Loss: 0.7802, Accuracy: 0.6697, Confidence: 0.7287, Entropy: 0.5459
2025-05-29 15:45:36,107 - INFO - Epoch 29/150| Train Score: 0.8436, Loss: 0.2583, Accuracy: 0.8436, Confidence: 0.8421, Entropy: 0.3342| Val Score: 0.6907, Loss: 0.7859, Accuracy: 0.6907, Confidence: 0.7771, Entropy: 0.4749
2025-05-29 15:46:07,023 - INFO - Epoch 30/150| Train Score: 0.8401, Loss: 0.2578, Accuracy: 0.8401, Confidence: 0.8407, Entropy: 0.3341| Val Score: 0.5992, Loss: 1.2028, Accuracy: 0.5992, Confidence: 0.7607, Entropy: 0.5359
2025-05-29 15:46:36,765 - INFO - Epoch 31/150| Train Score: 0.8402, Loss: 0.2669, Accuracy: 0.8402, Confidence: 0.8391, Entropy: 0.3324| Val Score: 0.4499, Loss: 1.6507, Accuracy: 0.4499, Confidence: 0.6804, Entropy: 0.6590
2025-05-29 15:47:06,635 - INFO - Epoch 32/150| Train Score: 0.8406, Loss: 0.2588, Accuracy: 0.8406, Confidence: 0.8372, Entropy: 0.3367| Val Score: 0.6882, Loss: 0.6603, Accuracy: 0.6882, Confidence: 0.7597, Entropy: 0.4675
2025-05-29 15:47:36,330 - INFO - Epoch 33/150| Train Score: 0.8377, Loss: 0.2664, Accuracy: 0.8377, Confidence: 0.8389, Entropy: 0.3358| Val Score: 0.6391, Loss: 0.8810, Accuracy: 0.6391, Confidence: 0.7778, Entropy: 0.4886
2025-05-29 15:48:05,913 - INFO - Epoch 34/150| Train Score: 0.8501, Loss: 0.2480, Accuracy: 0.8501, Confidence: 0.8447, Entropy: 0.3249| Val Score: 0.6819, Loss: 0.7287, Accuracy: 0.6819, Confidence: 0.7876, Entropy: 0.4318
2025-05-29 15:48:35,650 - INFO - Epoch 35/150| Train Score: 0.8457, Loss: 0.2496, Accuracy: 0.8457, Confidence: 0.8449, Entropy: 0.3161| Val Score: 0.6853, Loss: 0.6847, Accuracy: 0.6853, Confidence: 0.7799, Entropy: 0.4445
2025-05-29 15:49:05,383 - INFO - Epoch 36/150| Train Score: 0.8463, Loss: 0.2477, Accuracy: 0.8463, Confidence: 0.8491, Entropy: 0.3181| Val Score: 0.6902, Loss: 0.6737, Accuracy: 0.6902, Confidence: 0.7721, Entropy: 0.4593
2025-05-29 15:49:35,221 - INFO - Epoch 37/150| Train Score: 0.8569, Loss: 0.2434, Accuracy: 0.8569, Confidence: 0.8527, Entropy: 0.3073| Val Score: 0.6892, Loss: 0.6938, Accuracy: 0.6892, Confidence: 0.7750, Entropy: 0.4579
2025-05-29 15:50:04,887 - INFO - Epoch 38/150| Train Score: 0.8530, Loss: 0.2437, Accuracy: 0.8530, Confidence: 0.8541, Entropy: 0.3086| Val Score: 0.6858, Loss: 0.7394, Accuracy: 0.6858, Confidence: 0.7848, Entropy: 0.4441
2025-05-29 15:50:35,028 - INFO - Epoch 39/150| Train Score: 0.8524, Loss: 0.2453, Accuracy: 0.8524, Confidence: 0.8544, Entropy: 0.3086| Val Score: 0.6736, Loss: 0.7208, Accuracy: 0.6736, Confidence: 0.7708, Entropy: 0.4642
2025-05-29 15:51:05,152 - INFO - Epoch 40/150| Train Score: 0.8546, Loss: 0.2361, Accuracy: 0.8546, Confidence: 0.8518, Entropy: 0.3046| Val Score: 0.6600, Loss: 0.7826, Accuracy: 0.6600, Confidence: 0.7501, Entropy: 0.4953
2025-05-29 15:51:35,438 - INFO - Epoch 41/150| Train Score: 0.8473, Loss: 0.2492, Accuracy: 0.8473, Confidence: 0.8495, Entropy: 0.3087| Val Score: 0.6970, Loss: 0.6946, Accuracy: 0.6970, Confidence: 0.7782, Entropy: 0.4401
2025-05-29 15:52:05,287 - INFO - Epoch 42/150| Train Score: 0.8514, Loss: 0.2466, Accuracy: 0.8514, Confidence: 0.8478, Entropy: 0.3159| Val Score: 0.6625, Loss: 0.7960, Accuracy: 0.6625, Confidence: 0.7918, Entropy: 0.4393
2025-05-29 15:52:35,355 - INFO - Epoch 43/150| Train Score: 0.8616, Loss: 0.2277, Accuracy: 0.8616, Confidence: 0.8576, Entropy: 0.2963| Val Score: 0.6780, Loss: 0.8104, Accuracy: 0.6780, Confidence: 0.7882, Entropy: 0.4251
2025-05-29 15:53:05,386 - INFO - Epoch 44/150| Train Score: 0.8599, Loss: 0.2262, Accuracy: 0.8599, Confidence: 0.8628, Entropy: 0.2863| Val Score: 0.6916, Loss: 0.7205, Accuracy: 0.6916, Confidence: 0.7944, Entropy: 0.4103
2025-05-29 15:53:35,461 - INFO - Epoch 45/150| Train Score: 0.8717, Loss: 0.2170, Accuracy: 0.8717, Confidence: 0.8688, Entropy: 0.2789| Val Score: 0.6873, Loss: 0.7190, Accuracy: 0.6873, Confidence: 0.7994, Entropy: 0.4224
2025-05-29 15:54:05,306 - INFO - Epoch 46/150| Train Score: 0.8620, Loss: 0.2322, Accuracy: 0.8620, Confidence: 0.8632, Entropy: 0.2893| Val Score: 0.6581, Loss: 0.8583, Accuracy: 0.6581, Confidence: 0.7680, Entropy: 0.4746
2025-05-29 15:54:35,506 - INFO - Epoch 47/150| Train Score: 0.8636, Loss: 0.2250, Accuracy: 0.8636, Confidence: 0.8643, Entropy: 0.2889| Val Score: 0.6950, Loss: 0.6940, Accuracy: 0.6950, Confidence: 0.8031, Entropy: 0.4116
2025-05-29 15:55:05,366 - INFO - Epoch 48/150| Train Score: 0.8717, Loss: 0.2070, Accuracy: 0.8717, Confidence: 0.8729, Entropy: 0.2679| Val Score: 0.6960, Loss: 0.7530, Accuracy: 0.6960, Confidence: 0.8161, Entropy: 0.3883
2025-05-29 15:55:35,322 - INFO - Epoch 49/150| Train Score: 0.8625, Loss: 0.2310, Accuracy: 0.8625, Confidence: 0.8601, Entropy: 0.2964| Val Score: 0.6600, Loss: 0.7894, Accuracy: 0.6600, Confidence: 0.7942, Entropy: 0.4451
2025-05-29 15:56:05,482 - INFO - Epoch 50/150| Train Score: 0.8659, Loss: 0.2245, Accuracy: 0.8659, Confidence: 0.8674, Entropy: 0.2790| Val Score: 0.6950, Loss: 0.7942, Accuracy: 0.6950, Confidence: 0.7987, Entropy: 0.4296
2025-05-29 15:56:35,531 - INFO - [D] Best model updated at /home/haislich/Documents/noisy_labels/hackaton/checkpoints/D/model_D_best.pth
2025-05-29 15:56:35,531 - INFO - Epoch 51/150| Train Score: 0.8757, Loss: 0.2128, Accuracy: 0.8757, Confidence: 0.8701, Entropy: 0.2781| Val Score: 0.7145, Loss: 0.6932, Accuracy: 0.7145, Confidence: 0.8199, Entropy: 0.3838
2025-05-29 15:57:05,484 - INFO - Epoch 52/150| Train Score: 0.8694, Loss: 0.2227, Accuracy: 0.8694, Confidence: 0.8674, Entropy: 0.2792| Val Score: 0.6897, Loss: 0.7172, Accuracy: 0.6897, Confidence: 0.8090, Entropy: 0.4040
2025-05-29 15:57:35,449 - INFO - Epoch 53/150| Train Score: 0.8761, Loss: 0.2141, Accuracy: 0.8761, Confidence: 0.8736, Entropy: 0.2679| Val Score: 0.6975, Loss: 0.6987, Accuracy: 0.6975, Confidence: 0.8084, Entropy: 0.4094
2025-05-29 15:58:05,593 - INFO - Epoch 54/150| Train Score: 0.8739, Loss: 0.2112, Accuracy: 0.8739, Confidence: 0.8736, Entropy: 0.2707| Val Score: 0.6902, Loss: 0.7500, Accuracy: 0.6902, Confidence: 0.8223, Entropy: 0.3777
2025-05-29 15:58:35,822 - INFO - Epoch 55/150| Train Score: 0.8786, Loss: 0.2029, Accuracy: 0.8786, Confidence: 0.8752, Entropy: 0.2656| Val Score: 0.6853, Loss: 0.7465, Accuracy: 0.6853, Confidence: 0.8064, Entropy: 0.4079
2025-05-29 15:59:05,840 - INFO - Epoch 56/150| Train Score: 0.8835, Loss: 0.2011, Accuracy: 0.8835, Confidence: 0.8814, Entropy: 0.2541| Val Score: 0.6814, Loss: 0.7754, Accuracy: 0.6814, Confidence: 0.8093, Entropy: 0.4020
2025-05-29 15:59:36,105 - INFO - Epoch 57/150| Train Score: 0.8834, Loss: 0.2081, Accuracy: 0.8834, Confidence: 0.8754, Entropy: 0.2670| Val Score: 0.6226, Loss: 1.0505, Accuracy: 0.6226, Confidence: 0.7962, Entropy: 0.4424
2025-05-29 16:00:06,082 - INFO - Epoch 58/150| Train Score: 0.8799, Loss: 0.2123, Accuracy: 0.8799, Confidence: 0.8799, Entropy: 0.2627| Val Score: 0.4494, Loss: 1.7611, Accuracy: 0.4494, Confidence: 0.6987, Entropy: 0.6220
2025-05-29 16:00:36,603 - INFO - Epoch 59/150| Train Score: 0.8919, Loss: 0.1872, Accuracy: 0.8919, Confidence: 0.8843, Entropy: 0.2484| Val Score: 0.6984, Loss: 0.7196, Accuracy: 0.6984, Confidence: 0.8259, Entropy: 0.3662
2025-05-29 16:01:06,651 - INFO - Epoch 60/150| Train Score: 0.8902, Loss: 0.1971, Accuracy: 0.8902, Confidence: 0.8861, Entropy: 0.2512| Val Score: 0.6907, Loss: 0.7351, Accuracy: 0.6907, Confidence: 0.8206, Entropy: 0.3784
2025-05-29 16:01:36,619 - INFO - Epoch 61/150| Train Score: 0.8898, Loss: 0.1909, Accuracy: 0.8898, Confidence: 0.8898, Entropy: 0.2406| Val Score: 0.6839, Loss: 0.7864, Accuracy: 0.6839, Confidence: 0.8154, Entropy: 0.3871
2025-05-29 16:02:06,523 - INFO - Epoch 62/150| Train Score: 0.8919, Loss: 0.1915, Accuracy: 0.8919, Confidence: 0.8845, Entropy: 0.2498| Val Score: 0.6911, Loss: 0.7359, Accuracy: 0.6911, Confidence: 0.8313, Entropy: 0.3593
2025-05-29 16:02:36,570 - INFO - Epoch 63/150| Train Score: 0.8898, Loss: 0.1985, Accuracy: 0.8898, Confidence: 0.8849, Entropy: 0.2492| Val Score: 0.6863, Loss: 0.8100, Accuracy: 0.6863, Confidence: 0.8230, Entropy: 0.3842
2025-05-29 16:03:06,526 - INFO - Epoch 64/150| Train Score: 0.8983, Loss: 0.1754, Accuracy: 0.8983, Confidence: 0.8966, Entropy: 0.2281| Val Score: 0.7014, Loss: 0.7631, Accuracy: 0.7014, Confidence: 0.8305, Entropy: 0.3666
2025-05-29 16:03:36,526 - INFO - Epoch 65/150| Train Score: 0.9008, Loss: 0.1735, Accuracy: 0.9008, Confidence: 0.8964, Entropy: 0.2274| Val Score: 0.6882, Loss: 0.8069, Accuracy: 0.6882, Confidence: 0.8475, Entropy: 0.3399
2025-05-29 16:04:06,320 - INFO - Epoch 66/150| Train Score: 0.8900, Loss: 0.1988, Accuracy: 0.8900, Confidence: 0.8913, Entropy: 0.2415| Val Score: 0.6124, Loss: 1.1510, Accuracy: 0.6124, Confidence: 0.8236, Entropy: 0.4077
2025-05-29 16:04:36,300 - INFO - [D] Best model updated at /home/haislich/Documents/noisy_labels/hackaton/checkpoints/D/model_D_best.pth
2025-05-29 16:04:36,300 - INFO - Epoch 67/150| Train Score: 0.9004, Loss: 0.1695, Accuracy: 0.9004, Confidence: 0.8979, Entropy: 0.2230| Val Score: 0.7267, Loss: 0.6750, Accuracy: 0.7267, Confidence: 0.8381, Entropy: 0.3520
2025-05-29 16:05:06,248 - INFO - Epoch 68/150| Train Score: 0.9018, Loss: 0.1720, Accuracy: 0.9018, Confidence: 0.9002, Entropy: 0.2185| Val Score: 0.6819, Loss: 0.7992, Accuracy: 0.6819, Confidence: 0.8290, Entropy: 0.3701
2025-05-29 16:05:36,504 - INFO - Epoch 69/150| Train Score: 0.9007, Loss: 0.1726, Accuracy: 0.9007, Confidence: 0.8974, Entropy: 0.2237| Val Score: 0.7106, Loss: 0.8064, Accuracy: 0.7106, Confidence: 0.8519, Entropy: 0.3269
2025-05-29 16:06:06,811 - INFO - Epoch 70/150| Train Score: 0.9033, Loss: 0.1709, Accuracy: 0.9033, Confidence: 0.9033, Entropy: 0.2156| Val Score: 0.6902, Loss: 0.7555, Accuracy: 0.6902, Confidence: 0.8371, Entropy: 0.3537
2025-05-29 16:06:36,970 - INFO - Epoch 71/150| Train Score: 0.9106, Loss: 0.1610, Accuracy: 0.9106, Confidence: 0.9052, Entropy: 0.2122| Val Score: 0.6975, Loss: 0.8644, Accuracy: 0.6975, Confidence: 0.8551, Entropy: 0.3296
2025-05-29 16:07:07,094 - INFO - Epoch 72/150| Train Score: 0.9118, Loss: 0.1627, Accuracy: 0.9118, Confidence: 0.9094, Entropy: 0.2041| Val Score: 0.6770, Loss: 0.8356, Accuracy: 0.6770, Confidence: 0.8391, Entropy: 0.3624
2025-05-29 16:07:37,115 - INFO - Epoch 73/150| Train Score: 0.9066, Loss: 0.1728, Accuracy: 0.9066, Confidence: 0.9033, Entropy: 0.2183| Val Score: 0.7018, Loss: 0.8563, Accuracy: 0.7018, Confidence: 0.8408, Entropy: 0.3459
2025-05-29 16:08:06,774 - INFO - Epoch 74/150| Train Score: 0.9020, Loss: 0.1773, Accuracy: 0.9020, Confidence: 0.9001, Entropy: 0.2218| Val Score: 0.7004, Loss: 0.7839, Accuracy: 0.7004, Confidence: 0.8363, Entropy: 0.3624
2025-05-29 16:08:36,900 - INFO - Epoch 75/150| Train Score: 0.9110, Loss: 0.1618, Accuracy: 0.9110, Confidence: 0.9050, Entropy: 0.2120| Val Score: 0.7038, Loss: 0.8037, Accuracy: 0.7038, Confidence: 0.8482, Entropy: 0.3288
2025-05-29 16:09:06,721 - INFO - Epoch 76/150| Train Score: 0.9163, Loss: 0.1522, Accuracy: 0.9163, Confidence: 0.9115, Entropy: 0.2002| Val Score: 0.6970, Loss: 0.8208, Accuracy: 0.6970, Confidence: 0.8498, Entropy: 0.3295
2025-05-29 16:09:37,851 - INFO - Epoch 77/150| Train Score: 0.9183, Loss: 0.1511, Accuracy: 0.9183, Confidence: 0.9148, Entropy: 0.1953| Val Score: 0.7208, Loss: 0.7650, Accuracy: 0.7208, Confidence: 0.8625, Entropy: 0.3088
2025-05-29 16:10:07,907 - INFO - Epoch 78/150| Train Score: 0.9188, Loss: 0.1534, Accuracy: 0.9188, Confidence: 0.9165, Entropy: 0.1940| Val Score: 0.7169, Loss: 0.8296, Accuracy: 0.7169, Confidence: 0.8618, Entropy: 0.3125
2025-05-29 16:10:37,953 - INFO - Epoch 79/150| Train Score: 0.9059, Loss: 0.1713, Accuracy: 0.9059, Confidence: 0.9102, Entropy: 0.2093| Val Score: 0.5700, Loss: 1.4567, Accuracy: 0.5700, Confidence: 0.8211, Entropy: 0.4276
2025-05-29 16:11:08,024 - INFO - Epoch 80/150| Train Score: 0.9084, Loss: 0.1672, Accuracy: 0.9084, Confidence: 0.9071, Entropy: 0.2121| Val Score: 0.7121, Loss: 0.8013, Accuracy: 0.7121, Confidence: 0.8545, Entropy: 0.3230
2025-05-29 16:11:37,859 - INFO - Epoch 81/150| Train Score: 0.9206, Loss: 0.1515, Accuracy: 0.9206, Confidence: 0.9138, Entropy: 0.1983| Val Score: 0.7033, Loss: 0.7923, Accuracy: 0.7033, Confidence: 0.8602, Entropy: 0.3042
2025-05-29 16:12:07,878 - INFO - Epoch 82/150| Train Score: 0.9242, Loss: 0.1413, Accuracy: 0.9242, Confidence: 0.9204, Entropy: 0.1846| Val Score: 0.6999, Loss: 0.8428, Accuracy: 0.6999, Confidence: 0.8625, Entropy: 0.3031
2025-05-29 16:12:37,538 - INFO - Epoch 83/150| Train Score: 0.9257, Loss: 0.1437, Accuracy: 0.9257, Confidence: 0.9216, Entropy: 0.1813| Val Score: 0.6829, Loss: 0.8343, Accuracy: 0.6829, Confidence: 0.8519, Entropy: 0.3251
2025-05-29 16:13:07,625 - INFO - Epoch 84/150| Train Score: 0.9194, Loss: 0.1547, Accuracy: 0.9194, Confidence: 0.9177, Entropy: 0.1910| Val Score: 0.7111, Loss: 0.8426, Accuracy: 0.7111, Confidence: 0.8631, Entropy: 0.2988
2025-05-29 16:13:37,754 - INFO - Epoch 85/150| Train Score: 0.9274, Loss: 0.1387, Accuracy: 0.9274, Confidence: 0.9206, Entropy: 0.1833| Val Score: 0.6916, Loss: 0.8796, Accuracy: 0.6916, Confidence: 0.8643, Entropy: 0.3011
2025-05-29 16:14:07,789 - INFO - Epoch 86/150| Train Score: 0.9292, Loss: 0.1331, Accuracy: 0.9292, Confidence: 0.9215, Entropy: 0.1814| Val Score: 0.6970, Loss: 0.9159, Accuracy: 0.6970, Confidence: 0.8824, Entropy: 0.2704
2025-05-29 16:14:37,509 - INFO - Epoch 87/150| Train Score: 0.9283, Loss: 0.1362, Accuracy: 0.9283, Confidence: 0.9242, Entropy: 0.1755| Val Score: 0.7057, Loss: 0.8502, Accuracy: 0.7057, Confidence: 0.8769, Entropy: 0.2815
2025-05-29 16:15:07,438 - INFO - Epoch 88/150| Train Score: 0.9251, Loss: 0.1415, Accuracy: 0.9251, Confidence: 0.9256, Entropy: 0.1740| Val Score: 0.6989, Loss: 0.7950, Accuracy: 0.6989, Confidence: 0.8550, Entropy: 0.3234
2025-05-29 16:15:37,552 - INFO - Epoch 89/150| Train Score: 0.9303, Loss: 0.1343, Accuracy: 0.9303, Confidence: 0.9245, Entropy: 0.1753| Val Score: 0.7111, Loss: 0.8571, Accuracy: 0.7111, Confidence: 0.8799, Entropy: 0.2766
2025-05-29 16:16:07,574 - INFO - Epoch 90/150| Train Score: 0.9371, Loss: 0.1235, Accuracy: 0.9371, Confidence: 0.9309, Entropy: 0.1634| Val Score: 0.6907, Loss: 0.9695, Accuracy: 0.6907, Confidence: 0.8851, Entropy: 0.2714
2025-05-29 16:16:21,923 - INFO - Case study end, 0.7266536964980544
2025-05-29 16:16:21,923 - INFO - ################################################################################
2025-05-29 16:16:21,923 - INFO - 

