2025-05-27 15:22:15,167 - INFO - ################################################################################
2025-05-27 15:22:15,167 - INFO - Start case study with parameters:
2025-05-27 15:22:15,168 - INFO - gnn_type='gin-virtual' loss_type='ncod' graph_pooling='attention' drop_ratio=0.20073187301579293 num_layers=5 embedding_dim=300 num_epochs=50
2025-05-27 15:23:13,912 - INFO - Epoch 0/50| Train Loss: 2.6762, Accuracy: 0.2102, Confidence: 0.2048, Entropy: 1.7766| Val Loss: 1.7823, Accuracy: 0.0971, Confidence: 0.1988, Entropy: 1.7817
2025-05-27 15:23:13,944 - INFO - [A] Best model updated at /home/haislich/Documents/noisy_labels/hackaton/checkpoints/A/model_A_best.pth
2025-05-27 15:23:48,019 - INFO - Epoch 1/50| Train Loss: 2.5764, Accuracy: 0.1929, Confidence: 0.2522, Entropy: 1.7387| Val Loss: 1.9443, Accuracy: 0.0652, Confidence: 0.2903, Entropy: 1.7197
2025-05-27 15:23:48,038 - INFO - [A] Best model updated at /home/haislich/Documents/noisy_labels/hackaton/checkpoints/A/model_A_best.pth
2025-05-27 15:24:22,254 - INFO - Epoch 2/50| Train Loss: 2.4599, Accuracy: 0.2002, Confidence: 0.2837, Entropy: 1.6918| Val Loss: 1.8395, Accuracy: 0.1028, Confidence: 0.2485, Entropy: 1.7362
2025-05-27 15:24:56,333 - INFO - Epoch 3/50| Train Loss: 2.5802, Accuracy: 0.2944, Confidence: 0.2525, Entropy: 1.7205| Val Loss: 1.7583, Accuracy: 0.2983, Confidence: 0.2440, Entropy: 1.7340
2025-05-27 15:25:30,554 - INFO - Epoch 4/50| Train Loss: 2.6210, Accuracy: 0.3168, Confidence: 0.2550, Entropy: 1.7265| Val Loss: 1.7543, Accuracy: 0.1875, Confidence: 0.2356, Entropy: 1.7509
2025-05-27 15:26:04,207 - INFO - Epoch 5/50| Train Loss: 2.6100, Accuracy: 0.3317, Confidence: 0.2671, Entropy: 1.7070| Val Loss: 1.9962, Accuracy: 0.2088, Confidence: 0.4157, Entropy: 1.5448
2025-05-27 15:26:04,238 - INFO - [A] Best model updated at /home/haislich/Documents/noisy_labels/hackaton/checkpoints/A/model_A_best.pth
2025-05-27 15:26:37,955 - INFO - Epoch 6/50| Train Loss: 2.5236, Accuracy: 0.3259, Confidence: 0.2991, Entropy: 1.6672| Val Loss: 1.6548, Accuracy: 0.2952, Confidence: 0.2666, Entropy: 1.7096
2025-05-27 15:27:11,791 - INFO - Epoch 7/50| Train Loss: 2.4226, Accuracy: 0.2897, Confidence: 0.3019, Entropy: 1.6481| Val Loss: 1.8161, Accuracy: 0.1777, Confidence: 0.2838, Entropy: 1.6736
2025-05-27 15:27:45,389 - INFO - Epoch 8/50| Train Loss: 2.3870, Accuracy: 0.2828, Confidence: 0.3056, Entropy: 1.6311| Val Loss: 1.8210, Accuracy: 0.2012, Confidence: 0.2930, Entropy: 1.6744
2025-05-27 15:28:19,196 - INFO - Epoch 9/50| Train Loss: 2.3891, Accuracy: 0.3057, Confidence: 0.3158, Entropy: 1.6228| Val Loss: 1.6981, Accuracy: 0.2615, Confidence: 0.2920, Entropy: 1.6366
2025-05-27 15:28:53,312 - INFO - Epoch 10/50| Train Loss: 2.3765, Accuracy: 0.3128, Confidence: 0.3126, Entropy: 1.6176| Val Loss: 2.0592, Accuracy: 0.1990, Confidence: 0.3785, Entropy: 1.5289
2025-05-27 15:29:27,317 - INFO - Epoch 11/50| Train Loss: 2.3764, Accuracy: 0.3186, Confidence: 0.3181, Entropy: 1.6158| Val Loss: 1.6425, Accuracy: 0.3059, Confidence: 0.3068, Entropy: 1.6348
2025-05-27 15:30:01,534 - INFO - Epoch 12/50| Train Loss: 2.3777, Accuracy: 0.3142, Confidence: 0.3152, Entropy: 1.6196| Val Loss: 1.7336, Accuracy: 0.2846, Confidence: 0.2874, Entropy: 1.6646
2025-05-27 15:30:35,888 - INFO - Epoch 13/50| Train Loss: 2.3623, Accuracy: 0.3276, Confidence: 0.3233, Entropy: 1.6070| Val Loss: 1.6283, Accuracy: 0.3466, Confidence: 0.3080, Entropy: 1.6300
2025-05-27 15:31:09,863 - INFO - Epoch 14/50| Train Loss: 2.3547, Accuracy: 0.3241, Confidence: 0.3253, Entropy: 1.6097| Val Loss: 1.9089, Accuracy: 0.2159, Confidence: 0.3697, Entropy: 1.5795
