2025-05-31 18:02:08 | INFO | Starting training
2025-05-31 18:02:08 | INFO | Starting cycle 1 with seed 1
2025-05-31 18:02:08 | INFO | Starting training cycle 1
2025-05-31 18:02:08 | INFO | Loaded worst pretrained model for improvement: checkpoints/A/model_A_epoch_1.pth with an initial score of 0.4789465077050677
2025-05-31 18:02:20 | INFO | New best model saved: checkpoints/A/model_A_epoch_1.pth
2025-05-31 18:02:20 | INFO | Best validation metrics - Loss: 1.3923, F1: 0.5196
2025-05-31 18:02:20 | INFO | Cycle 1 completed:
2025-05-31 18:02:20 | INFO | - Final validation loss: 1.3923
2025-05-31 18:02:20 | INFO | - Final F1 score: 0.5196
2025-05-31 18:02:20 | INFO | Cache found at datasets/A/test.json.pkl
2025-05-31 18:02:20 | INFO | Loading finished
2025-05-31 18:02:24 | INFO | Model weights for ensemble:
2025-05-31 18:02:24 | INFO | Model: checkpoints/A/model_A_cycle_6_epoch_74.pth
2025-05-31 18:02:24 | INFO | - Loss: 0.7639
2025-05-31 18:02:24 | INFO | - Weight: 0.2011
2025-05-31 18:02:24 | INFO | Model: checkpoints/A/model_A_cycle_7_epoch_66.pth
2025-05-31 18:02:24 | INFO | - Loss: 0.7595
2025-05-31 18:02:24 | INFO | - Weight: 0.2003
2025-05-31 18:02:24 | INFO | Model: checkpoints/A/model_A_cycle_10_epoch_4.pth
2025-05-31 18:02:24 | INFO | - Loss: 0.7587
2025-05-31 18:02:24 | INFO | - Weight: 0.2001
2025-05-31 18:02:24 | INFO | Model: checkpoints/A/model_A_cycle_1_epoch_32.pth
2025-05-31 18:02:24 | INFO | - Loss: 0.7569
2025-05-31 18:02:24 | INFO | - Weight: 0.1997
2025-05-31 18:02:24 | INFO | Model: checkpoints/A/model_A_cycle_5_epoch_5.pth
2025-05-31 18:02:24 | INFO | - Loss: 0.7517
2025-05-31 18:02:24 | INFO | - Weight: 0.1987
2025-05-31 18:02:24 | INFO | 
Ensemble prediction statistics:
2025-05-31 18:02:24 | INFO | Class 0: 177 samples
2025-05-31 18:02:24 | INFO | Class 1: 298 samples
2025-05-31 18:02:24 | INFO | Class 2: 1024 samples
2025-05-31 18:02:24 | INFO | Class 3: 176 samples
2025-05-31 18:02:24 | INFO | Class 4: 657 samples
2025-05-31 18:02:24 | INFO | Class 5: 8 samples
2025-05-31 18:02:24 | INFO | Average confidence: 0.9553
2025-05-31 18:02:24 | INFO | Min confidence: 0.3999
2025-05-31 18:02:24 | INFO | Max confidence: 1.0000
2025-05-31 18:02:24 | INFO | Predictions saved to /home/haislich/Documents/noisy_labels/submission/testset_A.csv
-05-31 18:02:24 | INFO | Model: checkpoints/A/model_A_cycle_1_epoch_32.pth
2025-05-31 18:02:24 | INFO | - Loss: 0.7569
2025-05-31 18:02:24 | INFO | - Weight: 0.1997
2025-05-31 18:02:24 | INFO | Model: checkpoints/A/model_A_cycle_5_epoch_5.pth
2025-05-31 18:02:24 | INFO | - Loss: 0.7517
2025-05-31 18:02:24 | INFO | - Weight: 0.1987
2025-05-31 18:02:24 | INFO | 
Ensemble prediction statistics:
2025-05-31 18:02:24 | INFO | Class 0: 177 samples
2025-05-31 18:02:24 | INFO | Class 1: 298 samples
2025-05-31 18:02:24 | INFO | Class 2: 1024 samples
2025-05-31 18:02:24 | INFO | Class 3: 176 samples
2025-05-31 18:02:24 | INFO | Class 4: 657 samples
2025-05-31 18:02:24 | INFO | Class 5: 8 samples
2025-05-31 18:02:24 | INFO | Average confidence: 0.9553
2025-05-31 18:02:24 | INFO | Min confidence: 0.3999
2025-05-31 18:02:24 | INFO | Max confidence: 1.0000
2025-05-31 18:02:24 | INFO | Predictions saved to /home/haislich/Documents/noisy_labels/submission/testset_A.csv
