2025-05-31 18:40:58 | INFO | Cache found at datasets/A/train.json.pkl
2025-05-31 18:41:02 | INFO | Loading finished
2025-05-31 18:41:02 | INFO | Finetuning - Round 1/1
2025-05-31 18:41:02 | INFO | Starting training
2025-05-31 18:41:02 | INFO | Starting cycle 1 with seed 1
2025-05-31 18:41:02 | INFO | Starting training cycle 1
2025-05-31 18:41:02 | INFO | Loaded worst pretrained model for improvement: checkpoints/A/model_A_cycle_2_epoch_13.pth with an initial score of 0.7347232050103102
2025-05-31 18:41:13 | INFO | New best model saved: checkpoints/A/model_A_epoch_1.pth
2025-05-31 18:41:13 | INFO | Best validation metrics - Loss: 1.4596, F1: 0.4314
2025-05-31 18:41:24 | INFO | New best model saved: checkpoints/A/model_A_epoch_2.pth
2025-05-31 18:41:24 | INFO | Best validation metrics - Loss: 1.5255, F1: 0.4632
2025-05-31 18:41:34 | INFO | New best model saved: checkpoints/A/model_A_epoch_3.pth
2025-05-31 18:41:34 | INFO | Best validation metrics - Loss: 1.4708, F1: 0.5048
2025-05-31 18:41:45 | INFO | Early stopping triggered at epoch 3
2025-05-31 18:41:45 | INFO | Cycle 1 completed:
2025-05-31 18:41:45 | INFO | - Final validation loss: 1.4708
2025-05-31 18:41:45 | INFO | - Final F1 score: 0.5048
2025-05-31 18:41:45 | INFO | Starting training
2025-05-31 18:41:45 | INFO | Starting cycle 1 with seed 1
2025-05-31 18:41:45 | INFO | Starting training cycle 1
2025-05-31 18:41:45 | INFO | Loaded worst pretrained model for improvement: checkpoints/A/model_A_cycle_2_epoch_13.pth with an initial score of 0.7347232050103102
2025-05-31 18:42:12 | INFO | New best model saved: checkpoints/A/model_A_epoch_1.pth
2025-05-31 18:42:12 | INFO | Best validation metrics - Loss: 1.3087, F1: 0.5911
2025-05-31 18:42:39 | INFO | Early stopping triggered at epoch 1
2025-05-31 18:42:39 | INFO | Cycle 1 completed:
2025-05-31 18:42:39 | INFO | - Final validation loss: 1.3087
2025-05-31 18:42:39 | INFO | - Final F1 score: 0.5911
2025-05-31 18:42:39 | INFO | Starting training
2025-05-31 18:42:39 | INFO | Starting cycle 1 with seed 1
2025-05-31 18:42:39 | INFO | Starting training cycle 1
2025-05-31 18:42:39 | INFO | Loaded worst pretrained model for improvement: checkpoints/A/model_A_cycle_2_epoch_13.pth with an initial score of 0.7347232050103102
2025-05-31 18:42:50 | INFO | New best model saved: checkpoints/A/model_A_epoch_1.pth
2025-05-31 18:42:50 | INFO | Best validation metrics - Loss: 1.4500, F1: 0.5189
2025-05-31 18:43:00 | INFO | New best model saved: checkpoints/A/model_A_epoch_2.pth
2025-05-31 18:43:00 | INFO | Best validation metrics - Loss: 1.3896, F1: 0.5660
2025-05-31 18:43:10 | INFO | Early stopping triggered at epoch 2
2025-05-31 18:43:10 | INFO | Cycle 1 completed:
2025-05-31 18:43:10 | INFO | - Final validation loss: 1.3896
2025-05-31 18:43:10 | INFO | - Final F1 score: 0.5660
2025-05-31 18:43:10 | INFO | Best F1 scores this round:
ncod_loss: 0.5048
weighted_symmetric_cross_entropy_loss: 0.5911
noisy_cross_entropy_loss: 0.5660
2025-05-31 18:43:10 | INFO | Best round loss: weighted_symmetric_cross_entropy_loss
2025-05-31 18:43:10 | INFO | Cache found at datasets/A/train.json.pkl
2025-05-31 18:43:14 | INFO | Loading finished
2025-05-31 18:43:14 | INFO | Starting training
2025-05-31 18:43:14 | INFO | Starting cycle 1 with seed 1
2025-05-31 18:43:14 | INFO | Starting training cycle 1
2025-05-31 18:43:14 | INFO | Loaded worst pretrained model for improvement: checkpoints/A/model_A_epoch_3.pth with an initial score of 0.5047735180566931
2025-05-31 18:43:42 | INFO | New best model saved: checkpoints/A/model_A_epoch_1.pth
2025-05-31 18:43:42 | INFO | Best validation metrics - Loss: 1.5495, F1: 0.4461
2025-05-31 18:44:10 | INFO | Early stopping triggered at epoch 1
2025-05-31 18:44:10 | INFO | Cycle 1 completed:
2025-05-31 18:44:10 | INFO | - Final validation loss: 1.5495
2025-05-31 18:44:10 | INFO | - Final F1 score: 0.4461
2025-05-31 18:44:10 | INFO | Cache found at datasets/A/test.json.pkl
2025-05-31 18:44:10 | INFO | Loading finished
2025-05-31 18:44:13 | INFO | Model weights for ensemble:
2025-05-31 18:44:13 | INFO | 
Ensemble prediction statistics:
2025-05-31 18:44:13 | INFO | Class 0: 177 samples
2025-05-31 18:44:13 | INFO | Class 1: 298 samples
2025-05-31 18:44:13 | INFO | Class 2: 1024 samples
2025-05-31 18:44:13 | INFO | Class 3: 176 samples
2025-05-31 18:44:13 | INFO | Class 4: 657 samples
2025-05-31 18:44:13 | INFO | Class 5: 8 samples
2025-05-31 18:44:13 | INFO | Average confidence: 0.9553
2025-05-31 18:44:13 | INFO | Min confidence: 0.3999
2025-05-31 18:44:13 | INFO | Max confidence: 1.0000
2025-05-31 18:44:14 | INFO | Predictions saved to /home/haislich/Documents/noisy_labels/submission/testset_A.csv
