2025-05-31 18:46:14 | INFO | Cache found at datasets/C/train.json.pkl
2025-05-31 18:46:16 | INFO | Loading finished
2025-05-31 18:46:16 | INFO | Finetuning - Round 1/1
2025-05-31 18:46:16 | INFO | Starting training
2025-05-31 18:46:16 | INFO | Starting cycle 1 with seed 1
2025-05-31 18:46:16 | INFO | Starting training cycle 1
2025-05-31 18:46:16 | INFO | Loaded worst pretrained model for improvement: checkpoints/C/model_C_cycle_5_epoch_15.pth with an initial score of 0.8465391742730907
2025-05-31 18:46:24 | INFO | New best model saved: checkpoints/C/model_C_epoch_1.pth
2025-05-31 18:46:24 | INFO | Best validation metrics - Loss: 1.1922, F1: 0.5834
2025-05-31 18:46:31 | INFO | New best model saved: checkpoints/C/model_C_epoch_2.pth
2025-05-31 18:46:31 | INFO | Best validation metrics - Loss: 1.0649, F1: 0.6234
2025-05-31 18:46:38 | INFO | Early stopping triggered at epoch 2
2025-05-31 18:46:38 | INFO | Cycle 1 completed:
2025-05-31 18:46:38 | INFO | - Final validation loss: 1.0649
2025-05-31 18:46:38 | INFO | - Final F1 score: 0.6234
2025-05-31 18:46:38 | INFO | Starting training
2025-05-31 18:46:38 | INFO | Starting cycle 1 with seed 1
2025-05-31 18:46:38 | INFO | Starting training cycle 1
2025-05-31 18:46:38 | INFO | Loaded worst pretrained model for improvement: checkpoints/C/model_C_cycle_5_epoch_15.pth with an initial score of 0.8465391742730907
2025-05-31 18:46:52 | INFO | New best model saved: checkpoints/C/model_C_epoch_1.pth
2025-05-31 18:46:52 | INFO | Best validation metrics - Loss: 1.6359, F1: 0.5161
2025-05-31 18:47:07 | INFO | New best model saved: checkpoints/C/model_C_epoch_2.pth
2025-05-31 18:47:07 | INFO | Best validation metrics - Loss: 1.1171, F1: 0.6583
2025-05-31 18:47:21 | INFO | Early stopping triggered at epoch 2
2025-05-31 18:47:21 | INFO | Cycle 1 completed:
2025-05-31 18:47:21 | INFO | - Final validation loss: 1.1171
2025-05-31 18:47:21 | INFO | - Final F1 score: 0.6583
2025-05-31 18:47:21 | INFO | Starting training
2025-05-31 18:47:21 | INFO | Starting cycle 1 with seed 1
2025-05-31 18:47:21 | INFO | Starting training cycle 1
2025-05-31 18:47:21 | INFO | Loaded worst pretrained model for improvement: checkpoints/C/model_C_cycle_5_epoch_15.pth with an initial score of 0.8465391742730907
2025-05-31 18:47:28 | INFO | New best model saved: checkpoints/C/model_C_epoch_1.pth
2025-05-31 18:47:28 | INFO | Best validation metrics - Loss: 1.0977, F1: 0.6331
2025-05-31 18:47:35 | INFO | Early stopping triggered at epoch 1
2025-05-31 18:47:35 | INFO | Cycle 1 completed:
2025-05-31 18:47:35 | INFO | - Final validation loss: 1.0977
2025-05-31 18:47:35 | INFO | - Final F1 score: 0.6331
2025-05-31 18:47:35 | INFO | Best F1 scores this round:
ncod_loss: 0.6234
weighted_symmetric_cross_entropy_loss: 0.6583
noisy_cross_entropy_loss: 0.6331
2025-05-31 18:47:35 | INFO | Best round loss: weighted_symmetric_cross_entropy_loss
2025-05-31 18:47:35 | INFO | Cache found at datasets/C/train.json.pkl
2025-05-31 18:47:38 | INFO | Loading finished
2025-05-31 18:47:38 | INFO | Starting training
2025-05-31 18:47:38 | INFO | Starting cycle 1 with seed 1
2025-05-31 18:47:38 | INFO | Starting training cycle 1
2025-05-31 18:47:38 | INFO | Loaded worst pretrained model for improvement: checkpoints/C/model_C_epoch_1.pth with an initial score of 0.6331041174478936
2025-05-31 18:47:53 | INFO | New best model saved: checkpoints/C/model_C_epoch_1.pth
2025-05-31 18:47:53 | INFO | Best validation metrics - Loss: 1.2307, F1: 0.5659
2025-05-31 18:48:07 | INFO | New best model saved: checkpoints/C/model_C_epoch_2.pth
2025-05-31 18:48:07 | INFO | Best validation metrics - Loss: 0.8212, F1: 0.7004
2025-05-31 18:48:22 | INFO | Early stopping triggered at epoch 2
2025-05-31 18:48:22 | INFO | Replaced worst model checkpoints/C/model_C_epoch_2.pth with improved one at: checkpoints/C/model_C_epoch_1.pth
2025-05-31 18:48:22 | INFO | Cycle 1 completed:
2025-05-31 18:48:22 | INFO | - Final validation loss: 0.8212
2025-05-31 18:48:22 | INFO | - Final F1 score: 0.7004
2025-05-31 18:48:22 | INFO | Cache found at datasets/C/test.json.pkl
2025-05-31 18:48:23 | INFO | Loading finished
2025-05-31 18:48:24 | INFO | Model weights for ensemble:
2025-05-31 18:48:24 | INFO | 
Ensemble prediction statistics:
2025-05-31 18:48:24 | INFO | Class 0: 86 samples
2025-05-31 18:48:24 | INFO | Class 1: 257 samples
2025-05-31 18:48:24 | INFO | Class 2: 885 samples
2025-05-31 18:48:24 | INFO | Class 3: 83 samples
2025-05-31 18:48:24 | INFO | Class 4: 96 samples
2025-05-31 18:48:24 | INFO | Class 5: 123 samples
2025-05-31 18:48:24 | INFO | Average confidence: 0.9685
2025-05-31 18:48:24 | INFO | Min confidence: 0.4003
2025-05-31 18:48:24 | INFO | Max confidence: 1.0000
2025-05-31 18:48:24 | INFO | Predictions saved to /home/haislich/Documents/noisy_labels/submission/testset_C.csv
